15:47:26.601 sms [main] INFO  c.mrbird.web.service.testServiceTest - Starting testServiceTest on zch with PID 9288 (started by zch in C:\Users\zch\Desktop\FEBS-Security-master\febs-web)
15:47:26.603 sms [main] INFO  c.mrbird.web.service.testServiceTest - No active profile set, falling back to default profiles: default
15:47:26.754 sms [main] INFO  o.s.w.c.s.GenericWebApplicationContext - Refreshing org.springframework.web.context.support.GenericWebApplicationContext@2d778add: startup date [Wed Dec 12 15:47:26 CST 2018]; root of context hierarchy
15:47:29.992 sms [main] INFO  o.s.d.r.c.RepositoryConfigurationDelegate - Multiple Spring Data modules found, entering strict repository configuration mode!
15:47:31.941 sms [main] INFO  c.u.j.c.EnableEncryptablePropertiesBeanFactoryPostProcessor - Post-processing PropertySource instances
15:47:32.346 sms [main] INFO  c.u.j.EncryptablePropertySourceConverter - Converting PropertySource configurationProperties [org.springframework.boot.context.properties.source.ConfigurationPropertySourcesPropertySource] to AOP Proxy
15:47:32.350 sms [main] INFO  c.u.j.EncryptablePropertySourceConverter - Converting PropertySource Inlined Test Properties [org.springframework.core.env.MapPropertySource] to EncryptableMapPropertySourceWrapper
15:47:32.350 sms [main] INFO  c.u.j.EncryptablePropertySourceConverter - Converting PropertySource systemProperties [org.springframework.core.env.MapPropertySource] to EncryptableMapPropertySourceWrapper
15:47:32.350 sms [main] INFO  c.u.j.EncryptablePropertySourceConverter - Converting PropertySource systemEnvironment [org.springframework.boot.env.SystemEnvironmentPropertySourceEnvironmentPostProcessor$OriginAwareSystemEnvironmentPropertySource] to EncryptableMapPropertySourceWrapper
15:47:32.350 sms [main] INFO  c.u.j.EncryptablePropertySourceConverter - Converting PropertySource random [org.springframework.boot.env.RandomValuePropertySource] to EncryptablePropertySourceWrapper
15:47:32.350 sms [main] INFO  c.u.j.EncryptablePropertySourceConverter - Converting PropertySource applicationConfig: [classpath:/application.yml] [org.springframework.boot.env.OriginTrackedMapPropertySource] to EncryptableMapPropertySourceWrapper
15:47:32.468 sms [main] INFO  o.s.b.f.a.AutowiredAnnotationBeanPostProcessor - JSR-330 'javax.inject.Inject' annotation found and supported for autowiring
15:47:32.689 sms [main] INFO  o.s.c.s.PostProcessorRegistrationDelegate$BeanPostProcessorChecker - Bean 'asyncExecutorPoolConfig' of type [cc.mrbird.common.config.AsyncExecutorPoolConfig$$EnhancerBySpringCGLIB$$45875e25] is not eligible for getting processed by all BeanPostProcessors (for example: not eligible for auto-proxying)
15:47:32.768 sms [main] INFO  c.u.j.f.DefaultLazyPropertyFilter - Property Filter custom Bean not found with name 'encryptablePropertyFilter'. Initializing Default Property Filter
15:47:33.141 sms [main] INFO  o.s.c.s.PostProcessorRegistrationDelegate$BeanPostProcessorChecker - Bean 'org.springframework.transaction.annotation.ProxyTransactionManagementConfiguration' of type [org.springframework.transaction.annotation.ProxyTransactionManagementConfiguration$$EnhancerBySpringCGLIB$$ba4dd2de] is not eligible for getting processed by all BeanPostProcessors (for example: not eligible for auto-proxying)
15:47:33.618 sms [main] INFO  c.u.j.r.DefaultLazyPropertyResolver - Property Resolver custom Bean not found with name 'encryptablePropertyResolver'. Initializing Default Property Resolver
15:47:33.636 sms [main] INFO  c.u.j.d.DefaultLazyPropertyDetector - Property Detector custom Bean not found with name 'encryptablePropertyDetector'. Initializing Default Property Detector
15:47:33.642 sms [main] INFO  o.s.c.s.PostProcessorRegistrationDelegate$BeanPostProcessorChecker - Bean 'redisConfig' of type [cc.mrbird.common.config.RedisConfig$$EnhancerBySpringCGLIB$$9f31c8f5] is not eligible for getting processed by all BeanPostProcessors (for example: not eligible for auto-proxying)
15:47:33.825 sms [main] INFO  o.s.c.s.PostProcessorRegistrationDelegate$BeanPostProcessorChecker - Bean 'org.springframework.security.config.annotation.configuration.ObjectPostProcessorConfiguration' of type [org.springframework.security.config.annotation.configuration.ObjectPostProcessorConfiguration$$EnhancerBySpringCGLIB$$52fb9b18] is not eligible for getting processed by all BeanPostProcessors (for example: not eligible for auto-proxying)
15:47:33.853 sms [main] INFO  o.s.c.s.PostProcessorRegistrationDelegate$BeanPostProcessorChecker - Bean 'objectPostProcessor' of type [org.springframework.security.config.annotation.configuration.AutowireBeanFactoryObjectPostProcessor] is not eligible for getting processed by all BeanPostProcessors (for example: not eligible for auto-proxying)
15:47:33.863 sms [main] INFO  o.s.c.s.PostProcessorRegistrationDelegate$BeanPostProcessorChecker - Bean 'org.springframework.security.access.expression.method.DefaultMethodSecurityExpressionHandler@7d247660' of type [org.springframework.security.access.expression.method.DefaultMethodSecurityExpressionHandler] is not eligible for getting processed by all BeanPostProcessors (for example: not eligible for auto-proxying)
15:47:33.885 sms [main] INFO  o.s.c.s.PostProcessorRegistrationDelegate$BeanPostProcessorChecker - Bean 'org.springframework.security.config.annotation.method.configuration.GlobalMethodSecurityConfiguration' of type [org.springframework.security.config.annotation.method.configuration.GlobalMethodSecurityConfiguration$$EnhancerBySpringCGLIB$$77d03dca] is not eligible for getting processed by all BeanPostProcessors (for example: not eligible for auto-proxying)
15:47:33.914 sms [main] INFO  o.s.c.s.PostProcessorRegistrationDelegate$BeanPostProcessorChecker - Bean 'methodSecurityMetadataSource' of type [org.springframework.security.access.method.DelegatingMethodSecurityMetadataSource] is not eligible for getting processed by all BeanPostProcessors (for example: not eligible for auto-proxying)
15:47:36.663 sms [main] INFO  com.zaxxer.hikari.HikariDataSource - FebsHikariCP - Starting...
15:47:37.066 sms [main] INFO  com.zaxxer.hikari.HikariDataSource - FebsHikariCP - Start completed.
15:47:37.301 sms [main] INFO  org.quartz.impl.StdSchedulerFactory - Using default implementation for ThreadExecutor
15:47:37.360 sms [main] INFO  o.quartz.core.SchedulerSignalerImpl - Initialized Scheduler Signaller of type: class org.quartz.core.SchedulerSignalerImpl
15:47:37.361 sms [main] INFO  org.quartz.core.QuartzScheduler - Quartz Scheduler v.2.3.0 created.
15:47:37.372 sms [main] INFO  o.s.s.quartz.LocalDataSourceJobStore - Using db table-based data access locking (synchronization).
15:47:37.379 sms [main] INFO  o.s.s.quartz.LocalDataSourceJobStore - JobStoreCMT initialized.
15:47:37.381 sms [main] INFO  org.quartz.core.QuartzScheduler - Scheduler meta-data: Quartz Scheduler (v2.3.0) 'MyScheduler' with instanceId 'zch1544600857313'
  Scheduler class: 'org.quartz.core.QuartzScheduler' - running locally.
  NOT STARTED.
  Currently in standby mode.
  Number of jobs executed: 0
  Using thread pool 'org.quartz.simpl.SimpleThreadPool' - with 20 threads.
  Using job-store 'org.springframework.scheduling.quartz.LocalDataSourceJobStore' - which supports persistence. and is clustered.

15:47:37.381 sms [main] INFO  org.quartz.impl.StdSchedulerFactory - Quartz scheduler 'MyScheduler' initialized from an externally provided properties instance.
15:47:37.381 sms [main] INFO  org.quartz.impl.StdSchedulerFactory - Quartz scheduler version: 2.3.0
15:47:37.389 sms [main] INFO  org.quartz.core.QuartzScheduler - JobFactory set to: org.springframework.scheduling.quartz.AdaptableJobFactory@2e1eb85f
15:47:37.573 sms [main] INFO  c.m.c.i.SqlStatementInterceptor - 【SQL语句Id】>>>> cc.mrbird.quartz.dao.JobMapper.queryList
15:47:37.573 sms [main] INFO  c.m.c.i.SqlStatementInterceptor - 【SQL语句耗时】>>>> 112 ms
15:47:37.573 sms [main] INFO  c.m.c.i.SqlStatementInterceptor - 【SQL语句】>>>> select job_id jobId,bean_name beanName,method_name methodName, params,cron_expression cronExpression,status,remark,create_time createTime from t_job order by job_id
15:47:40.845 sms [main] INFO  cc.mrbird.web.service.InitService - clean up spring session in redis
15:47:41.892 sms [main] INFO  o.s.s.c.ThreadPoolTaskExecutor - Initializing ExecutorService  'taskExecutor'
15:47:42.994 sms [main] INFO  o.s.w.s.h.SimpleUrlHandlerMapping - Mapped URL path [/**/favicon.ico] onto handler of type [class org.springframework.web.servlet.resource.ResourceHttpRequestHandler]
15:47:43.982 sms [main] INFO  o.s.w.s.m.m.a.RequestMappingHandlerAdapter - Looking for @ControllerAdvice: org.springframework.web.context.support.GenericWebApplicationContext@2d778add: startup date [Wed Dec 12 15:47:26 CST 2018]; root of context hierarchy
15:47:44.275 sms [main] INFO  o.s.w.s.m.m.a.RequestMappingHandlerMapping - Mapped "{[/file/download]}" onto public void cc.mrbird.web.controller.base.FileController.fileDownload(java.lang.String,java.lang.Boolean,javax.servlet.http.HttpServletResponse) throws java.io.IOException,cc.mrbird.common.exception.FileDownloadException
15:47:44.280 sms [main] INFO  o.s.w.s.m.m.a.RequestMappingHandlerMapping - Mapped "{[/redis/get]}" onto public cc.mrbird.common.domain.ResponseBo cc.mrbird.web.controller.base.RedisController.get(java.lang.String)
15:47:44.280 sms [main] INFO  o.s.w.s.m.m.a.RequestMappingHandlerMapping - Mapped "{[/redis/keys]}" onto public cc.mrbird.common.domain.ResponseBo cc.mrbird.web.controller.base.RedisController.keys(java.lang.String)
15:47:44.280 sms [main] INFO  o.s.w.s.m.m.a.RequestMappingHandlerMapping - Mapped "{[/redis/set]}" onto public cc.mrbird.common.domain.ResponseBo cc.mrbird.web.controller.base.RedisController.set(java.lang.String)
15:47:44.280 sms [main] INFO  o.s.w.s.m.m.a.RequestMappingHandlerMapping - Mapped "{[/redis/exists]}" onto public cc.mrbird.common.domain.ResponseBo cc.mrbird.web.controller.base.RedisController.exists(java.lang.String)
15:47:44.281 sms [main] INFO  o.s.w.s.m.m.a.RequestMappingHandlerMapping - Mapped "{[/redis/info]}" onto public java.lang.String cc.mrbird.web.controller.base.RedisController.getRedisInfo(org.springframework.ui.Model)
15:47:44.281 sms [main] INFO  o.s.w.s.m.m.a.RequestMappingHandlerMapping - Mapped "{[/redis/pttl]}" onto public cc.mrbird.common.domain.ResponseBo cc.mrbird.web.controller.base.RedisController.pttl(java.lang.String)
15:47:44.281 sms [main] INFO  o.s.w.s.m.m.a.RequestMappingHandlerMapping - Mapped "{[/redis/pexpire]}" onto public cc.mrbird.common.domain.ResponseBo cc.mrbird.web.controller.base.RedisController.pexpire(java.lang.String)
15:47:44.281 sms [main] INFO  o.s.w.s.m.m.a.RequestMappingHandlerMapping - Mapped "{[/redis/keysSize]}" onto public java.lang.String cc.mrbird.web.controller.base.RedisController.getKeysSize()
15:47:44.281 sms [main] INFO  o.s.w.s.m.m.a.RequestMappingHandlerMapping - Mapped "{[/redis/terminal]}" onto public java.lang.String cc.mrbird.web.controller.base.RedisController.redisTerminal(org.springframework.ui.Model)
15:47:44.281 sms [main] INFO  o.s.w.s.m.m.a.RequestMappingHandlerMapping - Mapped "{[/redis/memoryInfo]}" onto public java.lang.String cc.mrbird.web.controller.base.RedisController.getMemoryInfo()
15:47:44.281 sms [main] INFO  o.s.w.s.m.m.a.RequestMappingHandlerMapping - Mapped "{[/redis/del]}" onto public cc.mrbird.common.domain.ResponseBo cc.mrbird.web.controller.base.RedisController.del(java.lang.String)
15:47:44.282 sms [main] INFO  o.s.w.s.m.m.a.RequestMappingHandlerMapping - Mapped "{[/article]}" onto public java.lang.String cc.mrbird.web.controller.others.ArticleController.index()
15:47:44.282 sms [main] INFO  o.s.w.s.m.m.a.RequestMappingHandlerMapping - Mapped "{[/article/query]}" onto public cc.mrbird.common.domain.ResponseBo cc.mrbird.web.controller.others.ArticleController.queryArticle(java.lang.String)
15:47:44.284 sms [main] INFO  o.s.w.s.m.m.a.RequestMappingHandlerMapping - Mapped "{[/movie/getMovieComing]}" onto public cc.mrbird.common.domain.ResponseBo cc.mrbird.web.controller.others.MovieController.getMovieComing()
15:47:44.284 sms [main] INFO  o.s.w.s.m.m.a.RequestMappingHandlerMapping - Mapped "{[/movie/getMovieHot]}" onto public cc.mrbird.common.domain.ResponseBo cc.mrbird.web.controller.others.MovieController.getMoiveHot()
15:47:44.284 sms [main] INFO  o.s.w.s.m.m.a.RequestMappingHandlerMapping - Mapped "{[/movie/hot]}" onto public java.lang.String cc.mrbird.web.controller.others.MovieController.movieHot()
15:47:44.284 sms [main] INFO  o.s.w.s.m.m.a.RequestMappingHandlerMapping - Mapped "{[/movie/detail]}" onto public cc.mrbird.common.domain.ResponseBo cc.mrbird.web.controller.others.MovieController.getDetail(java.lang.String)
15:47:44.284 sms [main] INFO  o.s.w.s.m.m.a.RequestMappingHandlerMapping - Mapped "{[/movie/comments]}" onto public cc.mrbird.common.domain.ResponseBo cc.mrbird.web.controller.others.MovieController.getComments(java.lang.String)
15:47:44.284 sms [main] INFO  o.s.w.s.m.m.a.RequestMappingHandlerMapping - Mapped "{[/movie/coming]}" onto public java.lang.String cc.mrbird.web.controller.others.MovieController.movieComing()
15:47:44.285 sms [main] INFO  o.s.w.s.m.m.a.RequestMappingHandlerMapping - Mapped "{[/weather/query]}" onto public cc.mrbird.common.domain.ResponseBo cc.mrbird.web.controller.others.WeatherController.queryWeather(java.lang.String)
15:47:44.285 sms [main] INFO  o.s.w.s.m.m.a.RequestMappingHandlerMapping - Mapped "{[/weather]}" onto public java.lang.String cc.mrbird.web.controller.others.WeatherController.weather()
15:47:44.288 sms [main] INFO  o.s.w.s.m.m.a.RequestMappingHandlerMapping - Mapped "{[/job]}" onto public java.lang.String cc.mrbird.web.controller.quartz.JobController.index()
15:47:44.288 sms [main] INFO  o.s.w.s.m.m.a.RequestMappingHandlerMapping - Mapped "{[/job/excel]}" onto public cc.mrbird.common.domain.ResponseBo cc.mrbird.web.controller.quartz.JobController.jobExcel(cc.mrbird.quartz.domain.Job)
15:47:44.290 sms [main] INFO  o.s.w.s.m.m.a.RequestMappingHandlerMapping - Mapped "{[/job/run]}" onto public cc.mrbird.common.domain.ResponseBo cc.mrbird.web.controller.quartz.JobController.runJob(java.lang.String)
15:47:44.291 sms [main] INFO  o.s.w.s.m.m.a.RequestMappingHandlerMapping - Mapped "{[/job/csv]}" onto public cc.mrbird.common.domain.ResponseBo cc.mrbird.web.controller.quartz.JobController.jobCsv(cc.mrbird.quartz.domain.Job)
15:47:44.292 sms [main] INFO  o.s.w.s.m.m.a.RequestMappingHandlerMapping - Mapped "{[/job/checkCron]}" onto public boolean cc.mrbird.web.controller.quartz.JobController.checkCron(java.lang.String)
15:47:44.292 sms [main] INFO  o.s.w.s.m.m.a.RequestMappingHandlerMapping - Mapped "{[/job/getJob]}" onto public cc.mrbird.common.domain.ResponseBo cc.mrbird.web.controller.quartz.JobController.getJob(java.lang.Long)
15:47:44.292 sms [main] INFO  o.s.w.s.m.m.a.RequestMappingHandlerMapping - Mapped "{[/job/update]}" onto public cc.mrbird.common.domain.ResponseBo cc.mrbird.web.controller.quartz.JobController.updateJob(cc.mrbird.quartz.domain.Job)
15:47:44.292 sms [main] INFO  o.s.w.s.m.m.a.RequestMappingHandlerMapping - Mapped "{[/job/list]}" onto public java.util.Map<java.lang.String, java.lang.Object> cc.mrbird.web.controller.quartz.JobController.jobList(cc.mrbird.common.domain.QueryRequest,cc.mrbird.quartz.domain.Job)
15:47:44.292 sms [main] INFO  o.s.w.s.m.m.a.RequestMappingHandlerMapping - Mapped "{[/job/resume]}" onto public cc.mrbird.common.domain.ResponseBo cc.mrbird.web.controller.quartz.JobController.resumeJob(java.lang.String)
15:47:44.294 sms [main] INFO  o.s.w.s.m.m.a.RequestMappingHandlerMapping - Mapped "{[/job/delete]}" onto public cc.mrbird.common.domain.ResponseBo cc.mrbird.web.controller.quartz.JobController.deleteJob(java.lang.String)
15:47:44.295 sms [main] INFO  o.s.w.s.m.m.a.RequestMappingHandlerMapping - Mapped "{[/job/pause]}" onto public cc.mrbird.common.domain.ResponseBo cc.mrbird.web.controller.quartz.JobController.pauseJob(java.lang.String)
15:47:44.295 sms [main] INFO  o.s.w.s.m.m.a.RequestMappingHandlerMapping - Mapped "{[/job/add]}" onto public cc.mrbird.common.domain.ResponseBo cc.mrbird.web.controller.quartz.JobController.addJob(cc.mrbird.quartz.domain.Job)
15:47:44.295 sms [main] INFO  o.s.w.s.m.m.a.RequestMappingHandlerMapping - Mapped "{[/job/getSysCronClazz]}" onto public cc.mrbird.common.domain.ResponseBo cc.mrbird.web.controller.quartz.JobController.getSysCronClazz(cc.mrbird.quartz.domain.Job)
15:47:44.296 sms [main] INFO  o.s.w.s.m.m.a.RequestMappingHandlerMapping - Mapped "{[/jobLog]}" onto public java.lang.String cc.mrbird.web.controller.quartz.JobLogController.index()
15:47:44.296 sms [main] INFO  o.s.w.s.m.m.a.RequestMappingHandlerMapping - Mapped "{[/jobLog/delete]}" onto public cc.mrbird.common.domain.ResponseBo cc.mrbird.web.controller.quartz.JobLogController.deleteJobLog(java.lang.String)
15:47:44.296 sms [main] INFO  o.s.w.s.m.m.a.RequestMappingHandlerMapping - Mapped "{[/jobLog/excel]}" onto public cc.mrbird.common.domain.ResponseBo cc.mrbird.web.controller.quartz.JobLogController.jobLogExcel(cc.mrbird.quartz.domain.JobLog)
15:47:44.296 sms [main] INFO  o.s.w.s.m.m.a.RequestMappingHandlerMapping - Mapped "{[/jobLog/list]}" onto public java.util.Map<java.lang.String, java.lang.Object> cc.mrbird.web.controller.quartz.JobLogController.jobLogList(cc.mrbird.common.domain.QueryRequest,cc.mrbird.quartz.domain.JobLog)
15:47:44.297 sms [main] INFO  o.s.w.s.m.m.a.RequestMappingHandlerMapping - Mapped "{[/jobLog/csv]}" onto public cc.mrbird.common.domain.ResponseBo cc.mrbird.web.controller.quartz.JobLogController.jobLogCsv(cc.mrbird.quartz.domain.JobLog)
15:47:44.298 sms [main] INFO  o.s.w.s.m.m.a.RequestMappingHandlerMapping - Mapped "{[/access/deny/403]}" onto public java.lang.String cc.mrbird.web.controller.security.ExceptionController.accessDeny()
15:47:44.300 sms [main] INFO  o.s.w.s.m.m.a.RequestMappingHandlerMapping - Mapped "{[/mobile/unbind],methods=[GET]}" onto public cc.mrbird.common.domain.ResponseBo cc.mrbird.web.controller.security.MobileController.mobileUnbind(java.lang.String)
15:47:44.300 sms [main] INFO  o.s.w.s.m.m.a.RequestMappingHandlerMapping - Mapped "{[/mobile/bind],methods=[GET]}" onto public cc.mrbird.common.domain.ResponseBo cc.mrbird.web.controller.security.MobileController.mobileBind(java.lang.String)
15:47:44.301 sms [main] INFO  o.s.w.s.m.m.a.RequestMappingHandlerMapping - Mapped "{[/session/active],methods=[GET]}" onto public java.util.Map<java.lang.String, java.lang.Object> cc.mrbird.web.controller.security.SessionController.getAllSession(javax.servlet.http.HttpServletRequest)
15:47:44.301 sms [main] INFO  o.s.w.s.m.m.a.RequestMappingHandlerMapping - Mapped "{[/session]}" onto public java.lang.String cc.mrbird.web.controller.security.SessionController.online()
15:47:44.301 sms [main] INFO  o.s.w.s.m.m.a.RequestMappingHandlerMapping - Mapped "{[/session/kickout]}" onto public cc.mrbird.common.domain.ResponseBo cc.mrbird.web.controller.security.SessionController.kickOut(java.lang.String,javax.servlet.http.HttpServletRequest,javax.servlet.http.HttpServletResponse)
15:47:44.302 sms [main] INFO  o.s.w.s.m.m.a.RequestMappingHandlerMapping - Mapped "{[/session/invalid]}" onto public void cc.mrbird.web.controller.security.SessionController.sessionInvalid(javax.servlet.http.HttpServletRequest,javax.servlet.http.HttpServletResponse,org.springframework.security.core.Authentication) throws java.io.IOException
15:47:44.302 sms [main] INFO  o.s.w.s.m.m.a.RequestMappingHandlerMapping - Mapped "{[/social],methods=[GET]}" onto public java.lang.String cc.mrbird.web.controller.security.SocialController.socialIndex(javax.servlet.http.HttpServletRequest,javax.servlet.http.HttpServletResponse,org.springframework.ui.Model) throws java.io.IOException
15:47:44.303 sms [main] INFO  o.s.w.s.m.m.a.RequestMappingHandlerMapping - Mapped "{[/social/regist],methods=[GET]}" onto public cc.mrbird.common.domain.ResponseBo cc.mrbird.web.controller.security.SocialController.socialRegist(javax.servlet.http.HttpServletRequest,cc.mrbird.system.domain.MyUser)
15:47:44.303 sms [main] INFO  o.s.w.s.m.m.a.RequestMappingHandlerMapping - Mapped "{[/social/bind],methods=[GET]}" onto public cc.mrbird.common.domain.ResponseBo cc.mrbird.web.controller.security.SocialController.socialBind(javax.servlet.http.HttpServletRequest,cc.mrbird.system.domain.MyUser,java.lang.String)
15:47:44.303 sms [main] INFO  o.s.w.s.m.m.a.RequestMappingHandlerMapping - Mapped "{[/social/unbind/success],methods=[GET]}" onto public java.lang.String cc.mrbird.web.controller.security.SocialController.socialUnbindSuccess()
15:47:44.303 sms [main] INFO  o.s.w.s.m.m.a.RequestMappingHandlerMapping - Mapped "{[/social/bind/success],methods=[GET]}" onto public java.lang.String cc.mrbird.web.controller.security.SocialController.socialBindSuccess(javax.servlet.http.HttpServletRequest,javax.servlet.http.HttpServletResponse)
15:47:44.304 sms [main] INFO  o.s.w.s.m.m.a.RequestMappingHandlerMapping - Mapped "{[/image/code],methods=[GET]}" onto public void cc.mrbird.web.controller.security.ValidateCodeController.createCode(javax.servlet.http.HttpServletRequest,javax.servlet.http.HttpServletResponse) throws java.io.IOException
15:47:44.304 sms [main] INFO  o.s.w.s.m.m.a.RequestMappingHandlerMapping - Mapped "{[/sms/code],methods=[GET]}" onto public cc.mrbird.common.domain.ResponseBo cc.mrbird.web.controller.security.ValidateCodeController.createSmsCode(javax.servlet.http.HttpServletRequest,javax.servlet.http.HttpServletResponse,java.lang.String)
15:47:44.305 sms [main] INFO  o.s.w.s.m.m.a.RequestMappingHandlerMapping - Mapped "{[/dept]}" onto public java.lang.String cc.mrbird.web.controller.system.DeptController.index()
15:47:44.305 sms [main] INFO  o.s.w.s.m.m.a.RequestMappingHandlerMapping - Mapped "{[/dept/add]}" onto public cc.mrbird.common.domain.ResponseBo cc.mrbird.web.controller.system.DeptController.addRole(cc.mrbird.system.domain.Dept)
15:47:44.305 sms [main] INFO  o.s.w.s.m.m.a.RequestMappingHandlerMapping - Mapped "{[/dept/checkDeptName]}" onto public boolean cc.mrbird.web.controller.system.DeptController.checkDeptName(java.lang.String,java.lang.String)
15:47:44.305 sms [main] INFO  o.s.w.s.m.m.a.RequestMappingHandlerMapping - Mapped "{[/dept/list]}" onto public java.util.List<cc.mrbird.system.domain.Dept> cc.mrbird.web.controller.system.DeptController.deptList(cc.mrbird.system.domain.Dept)
15:47:44.310 sms [main] INFO  o.s.w.s.m.m.a.RequestMappingHandlerMapping - Mapped "{[/dept/update]}" onto public cc.mrbird.common.domain.ResponseBo cc.mrbird.web.controller.system.DeptController.updateRole(cc.mrbird.system.domain.Dept)
15:47:44.310 sms [main] INFO  o.s.w.s.m.m.a.RequestMappingHandlerMapping - Mapped "{[/dept/tree]}" onto public cc.mrbird.common.domain.ResponseBo cc.mrbird.web.controller.system.DeptController.getDeptTree()
15:47:44.310 sms [main] INFO  o.s.w.s.m.m.a.RequestMappingHandlerMapping - Mapped "{[/dept/getDept]}" onto public cc.mrbird.common.domain.ResponseBo cc.mrbird.web.controller.system.DeptController.getDept(java.lang.Long)
15:47:44.311 sms [main] INFO  o.s.w.s.m.m.a.RequestMappingHandlerMapping - Mapped "{[/dept/delete]}" onto public cc.mrbird.common.domain.ResponseBo cc.mrbird.web.controller.system.DeptController.deleteDepts(java.lang.String)
15:47:44.311 sms [main] INFO  o.s.w.s.m.m.a.RequestMappingHandlerMapping - Mapped "{[/dept/excel]}" onto public cc.mrbird.common.domain.ResponseBo cc.mrbird.web.controller.system.DeptController.deptExcel(cc.mrbird.system.domain.Dept)
15:47:44.311 sms [main] INFO  o.s.w.s.m.m.a.RequestMappingHandlerMapping - Mapped "{[/dept/csv]}" onto public cc.mrbird.common.domain.ResponseBo cc.mrbird.web.controller.system.DeptController.deptCsv(cc.mrbird.system.domain.Dept)
15:47:44.311 sms [main] INFO  o.s.w.s.m.m.a.RequestMappingHandlerMapping - Mapped "{[/dict]}" onto public java.lang.String cc.mrbird.web.controller.system.DictController.index()
15:47:44.312 sms [main] INFO  o.s.w.s.m.m.a.RequestMappingHandlerMapping - Mapped "{[/dict/update]}" onto public cc.mrbird.common.domain.ResponseBo cc.mrbird.web.controller.system.DictController.updateDict(cc.mrbird.system.domain.Dict)
15:47:44.312 sms [main] INFO  o.s.w.s.m.m.a.RequestMappingHandlerMapping - Mapped "{[/dict/excel]}" onto public cc.mrbird.common.domain.ResponseBo cc.mrbird.web.controller.system.DictController.dictExcel(cc.mrbird.system.domain.Dict)
15:47:44.312 sms [main] INFO  o.s.w.s.m.m.a.RequestMappingHandlerMapping - Mapped "{[/dict/csv]}" onto public cc.mrbird.common.domain.ResponseBo cc.mrbird.web.controller.system.DictController.dictCsv(cc.mrbird.system.domain.Dict)
15:47:44.312 sms [main] INFO  o.s.w.s.m.m.a.RequestMappingHandlerMapping - Mapped "{[/dict/delete]}" onto public cc.mrbird.common.domain.ResponseBo cc.mrbird.web.controller.system.DictController.deleteDicts(java.lang.String)
15:47:44.312 sms [main] INFO  o.s.w.s.m.m.a.RequestMappingHandlerMapping - Mapped "{[/dict/list]}" onto public java.util.Map<java.lang.String, java.lang.Object> cc.mrbird.web.controller.system.DictController.dictList(cc.mrbird.common.domain.QueryRequest,cc.mrbird.system.domain.Dict)
15:47:44.312 sms [main] INFO  o.s.w.s.m.m.a.RequestMappingHandlerMapping - Mapped "{[/dict/add]}" onto public cc.mrbird.common.domain.ResponseBo cc.mrbird.web.controller.system.DictController.addDict(cc.mrbird.system.domain.Dict)
15:47:44.312 sms [main] INFO  o.s.w.s.m.m.a.RequestMappingHandlerMapping - Mapped "{[/dict/getDict]}" onto public cc.mrbird.common.domain.ResponseBo cc.mrbird.web.controller.system.DictController.getDict(java.lang.Long)
15:47:44.313 sms [main] INFO  o.s.w.s.m.m.a.RequestMappingHandlerMapping - Mapped "{[/log]}" onto public java.lang.String cc.mrbird.web.controller.system.LogController.index()
15:47:44.313 sms [main] INFO  o.s.w.s.m.m.a.RequestMappingHandlerMapping - Mapped "{[/log/list]}" onto public java.util.Map<java.lang.String, java.lang.Object> cc.mrbird.web.controller.system.LogController.logList(cc.mrbird.common.domain.QueryRequest,cc.mrbird.system.domain.SysLog)
15:47:44.313 sms [main] INFO  o.s.w.s.m.m.a.RequestMappingHandlerMapping - Mapped "{[/log/delete]}" onto public cc.mrbird.common.domain.ResponseBo cc.mrbird.web.controller.system.LogController.deleteLogss(java.lang.String)
15:47:44.313 sms [main] INFO  o.s.w.s.m.m.a.RequestMappingHandlerMapping - Mapped "{[/log/csv]}" onto public cc.mrbird.common.domain.ResponseBo cc.mrbird.web.controller.system.LogController.logCsv(cc.mrbird.system.domain.SysLog)
15:47:44.313 sms [main] INFO  o.s.w.s.m.m.a.RequestMappingHandlerMapping - Mapped "{[/log/excel]}" onto public cc.mrbird.common.domain.ResponseBo cc.mrbird.web.controller.system.LogController.logExcel(cc.mrbird.system.domain.SysLog)
15:47:44.317 sms [main] INFO  o.s.w.s.m.m.a.RequestMappingHandlerMapping - Mapped "{[/index],methods=[GET]}" onto public java.lang.String cc.mrbird.web.controller.system.LoginController.index(org.springframework.security.core.Authentication,org.springframework.ui.Model)
15:47:44.317 sms [main] INFO  o.s.w.s.m.m.a.RequestMappingHandlerMapping - Mapped "{[/],methods=[GET]}" onto public void cc.mrbird.web.controller.system.LoginController.success(javax.servlet.http.HttpServletRequest,javax.servlet.http.HttpServletResponse) throws java.io.IOException
15:47:44.318 sms [main] INFO  o.s.w.s.m.m.a.RequestMappingHandlerMapping - Mapped "{[/login],methods=[GET]}" onto public java.lang.String cc.mrbird.web.controller.system.LoginController.login(javax.servlet.http.HttpServletRequest,javax.servlet.http.HttpServletResponse)
15:47:44.319 sms [main] INFO  o.s.w.s.m.m.a.RequestMappingHandlerMapping - Mapped "{[/menu]}" onto public java.lang.String cc.mrbird.web.controller.system.MenuController.index()
15:47:44.319 sms [main] INFO  o.s.w.s.m.m.a.RequestMappingHandlerMapping - Mapped "{[/menu/menuButtonTree]}" onto public cc.mrbird.common.domain.ResponseBo cc.mrbird.web.controller.system.MenuController.getMenuButtonTree()
15:47:44.319 sms [main] INFO  o.s.w.s.m.m.a.RequestMappingHandlerMapping - Mapped "{[/menu/update]}" onto public cc.mrbird.common.domain.ResponseBo cc.mrbird.web.controller.system.MenuController.updateMenu(cc.mrbird.system.domain.Menu)
15:47:44.319 sms [main] INFO  o.s.w.s.m.m.a.RequestMappingHandlerMapping - Mapped "{[/menu/checkMenuName]}" onto public boolean cc.mrbird.web.controller.system.MenuController.checkMenuName(java.lang.String,java.lang.String,java.lang.String)
15:47:44.319 sms [main] INFO  o.s.w.s.m.m.a.RequestMappingHandlerMapping - Mapped "{[/menu/getUserMenu]}" onto public cc.mrbird.common.domain.ResponseBo cc.mrbird.web.controller.system.MenuController.getUserMenu(java.lang.String)
15:47:44.320 sms [main] INFO  o.s.w.s.m.m.a.RequestMappingHandlerMapping - Mapped "{[/menu/csv]}" onto public cc.mrbird.common.domain.ResponseBo cc.mrbird.web.controller.system.MenuController.menuCsv(cc.mrbird.system.domain.Menu)
15:47:44.320 sms [main] INFO  o.s.w.s.m.m.a.RequestMappingHandlerMapping - Mapped "{[/menu/delete]}" onto public cc.mrbird.common.domain.ResponseBo cc.mrbird.web.controller.system.MenuController.deleteMenus(java.lang.String)
15:47:44.320 sms [main] INFO  o.s.w.s.m.m.a.RequestMappingHandlerMapping - Mapped "{[/menu/add]}" onto public cc.mrbird.common.domain.ResponseBo cc.mrbird.web.controller.system.MenuController.addMenu(cc.mrbird.system.domain.Menu)
15:47:44.320 sms [main] INFO  o.s.w.s.m.m.a.RequestMappingHandlerMapping - Mapped "{[/menu/list]}" onto public java.util.List<cc.mrbird.system.domain.Menu> cc.mrbird.web.controller.system.MenuController.menuList(cc.mrbird.system.domain.Menu)
15:47:44.320 sms [main] INFO  o.s.w.s.m.m.a.RequestMappingHandlerMapping - Mapped "{[/menu/excel]}" onto public cc.mrbird.common.domain.ResponseBo cc.mrbird.web.controller.system.MenuController.menuExcel(cc.mrbird.system.domain.Menu)
15:47:44.321 sms [main] INFO  o.s.w.s.m.m.a.RequestMappingHandlerMapping - Mapped "{[/menu/urlList],methods=[GET]}" onto public java.util.List<java.util.Map<java.lang.String, java.lang.String>> cc.mrbird.web.controller.system.MenuController.getAllUrl()
15:47:44.321 sms [main] INFO  o.s.w.s.m.m.a.RequestMappingHandlerMapping - Mapped "{[/menu/menu]}" onto public cc.mrbird.common.domain.ResponseBo cc.mrbird.web.controller.system.MenuController.getMenu(java.lang.String)
15:47:44.321 sms [main] INFO  o.s.w.s.m.m.a.RequestMappingHandlerMapping - Mapped "{[/menu/getMenu]}" onto public cc.mrbird.common.domain.ResponseBo cc.mrbird.web.controller.system.MenuController.getMenu(java.lang.Long)
15:47:44.321 sms [main] INFO  o.s.w.s.m.m.a.RequestMappingHandlerMapping - Mapped "{[/menu/tree]}" onto public cc.mrbird.common.domain.ResponseBo cc.mrbird.web.controller.system.MenuController.getMenuTree()
15:47:44.322 sms [main] INFO  o.s.w.s.m.m.a.RequestMappingHandlerMapping - Mapped "{[/role]}" onto public java.lang.String cc.mrbird.web.controller.system.RoleController.index()
15:47:44.329 sms [main] INFO  o.s.w.s.m.m.a.RequestMappingHandlerMapping - Mapped "{[/role/add]}" onto public cc.mrbird.common.domain.ResponseBo cc.mrbird.web.controller.system.RoleController.addRole(cc.mrbird.system.domain.Role,java.lang.Long[])
15:47:44.333 sms [main] INFO  o.s.w.s.m.m.a.RequestMappingHandlerMapping - Mapped "{[/role/getRole]}" onto public cc.mrbird.common.domain.ResponseBo cc.mrbird.web.controller.system.RoleController.getRole(java.lang.Long)
15:47:44.333 sms [main] INFO  o.s.w.s.m.m.a.RequestMappingHandlerMapping - Mapped "{[/role/list]}" onto public java.util.Map<java.lang.String, java.lang.Object> cc.mrbird.web.controller.system.RoleController.roleList(cc.mrbird.common.domain.QueryRequest,cc.mrbird.system.domain.Role)
15:47:44.333 sms [main] INFO  o.s.w.s.m.m.a.RequestMappingHandlerMapping - Mapped "{[/role/delete]}" onto public cc.mrbird.common.domain.ResponseBo cc.mrbird.web.controller.system.RoleController.deleteRoles(java.lang.String)
15:47:44.333 sms [main] INFO  o.s.w.s.m.m.a.RequestMappingHandlerMapping - Mapped "{[/role/checkRoleName]}" onto public boolean cc.mrbird.web.controller.system.RoleController.checkRoleName(java.lang.String,java.lang.String)
15:47:44.334 sms [main] INFO  o.s.w.s.m.m.a.RequestMappingHandlerMapping - Mapped "{[/role/csv]}" onto public cc.mrbird.common.domain.ResponseBo cc.mrbird.web.controller.system.RoleController.roleCsv(cc.mrbird.system.domain.Role)
15:47:44.334 sms [main] INFO  o.s.w.s.m.m.a.RequestMappingHandlerMapping - Mapped "{[/role/excel]}" onto public cc.mrbird.common.domain.ResponseBo cc.mrbird.web.controller.system.RoleController.roleExcel(cc.mrbird.system.domain.Role)
15:47:44.334 sms [main] INFO  o.s.w.s.m.m.a.RequestMappingHandlerMapping - Mapped "{[/role/update]}" onto public cc.mrbird.common.domain.ResponseBo cc.mrbird.web.controller.system.RoleController.updateRole(cc.mrbird.system.domain.Role,java.lang.Long[])
15:47:44.339 sms [main] INFO  o.s.w.s.m.m.a.RequestMappingHandlerMapping - Mapped "{[/user]}" onto public java.lang.String cc.mrbird.web.controller.system.UserController.index(org.springframework.ui.Model)
15:47:44.339 sms [main] INFO  o.s.w.s.m.m.a.RequestMappingHandlerMapping - Mapped "{[/user/updateUserProfile]}" onto public cc.mrbird.common.domain.ResponseBo cc.mrbird.web.controller.system.UserController.updateUserProfile(cc.mrbird.system.domain.MyUser)
15:47:44.339 sms [main] INFO  o.s.w.s.m.m.a.RequestMappingHandlerMapping - Mapped "{[/user/add]}" onto public cc.mrbird.common.domain.ResponseBo cc.mrbird.web.controller.system.UserController.addUser(cc.mrbird.system.domain.MyUser,java.lang.Long[])
15:47:44.339 sms [main] INFO  o.s.w.s.m.m.a.RequestMappingHandlerMapping - Mapped "{[/user/excel]}" onto public cc.mrbird.common.domain.ResponseBo cc.mrbird.web.controller.system.UserController.userExcel(cc.mrbird.system.domain.MyUser)
15:47:44.339 sms [main] INFO  o.s.w.s.m.m.a.RequestMappingHandlerMapping - Mapped "{[/user/profile]}" onto public java.lang.String cc.mrbird.web.controller.system.UserController.profileIndex(org.springframework.ui.Model)
15:47:44.340 sms [main] INFO  o.s.w.s.m.m.a.RequestMappingHandlerMapping - Mapped "{[/user/changeAvatar]}" onto public cc.mrbird.common.domain.ResponseBo cc.mrbird.web.controller.system.UserController.changeAvatar(java.lang.String)
15:47:44.340 sms [main] INFO  o.s.w.s.m.m.a.RequestMappingHandlerMapping - Mapped "{[/user/checkPassword]}" onto public boolean cc.mrbird.web.controller.system.UserController.checkPassword(java.lang.String)
15:47:44.340 sms [main] INFO  o.s.w.s.m.m.a.RequestMappingHandlerMapping - Mapped "{[/user/updatePassword]}" onto public cc.mrbird.common.domain.ResponseBo cc.mrbird.web.controller.system.UserController.updatePassword(java.lang.String)
15:47:44.340 sms [main] INFO  o.s.w.s.m.m.a.RequestMappingHandlerMapping - Mapped "{[/user/update]}" onto public cc.mrbird.common.domain.ResponseBo cc.mrbird.web.controller.system.UserController.updateUser(cc.mrbird.system.domain.MyUser,java.lang.Long[])
15:47:44.340 sms [main] INFO  o.s.w.s.m.m.a.RequestMappingHandlerMapping - Mapped "{[/user/csv]}" onto public cc.mrbird.common.domain.ResponseBo cc.mrbird.web.controller.system.UserController.userCsv(cc.mrbird.system.domain.MyUser)
15:47:44.341 sms [main] INFO  o.s.w.s.m.m.a.RequestMappingHandlerMapping - Mapped "{[/user/getUserProfile]}" onto public cc.mrbird.common.domain.ResponseBo cc.mrbird.web.controller.system.UserController.getUserProfile(java.lang.Long)
15:47:44.341 sms [main] INFO  o.s.w.s.m.m.a.RequestMappingHandlerMapping - Mapped "{[/user/delete]}" onto public cc.mrbird.common.domain.ResponseBo cc.mrbird.web.controller.system.UserController.deleteUsers(java.lang.String)
15:47:44.341 sms [main] INFO  o.s.w.s.m.m.a.RequestMappingHandlerMapping - Mapped "{[/user/checkUserName]}" onto public boolean cc.mrbird.web.controller.system.UserController.checkUserName(java.lang.String,java.lang.String)
15:47:44.341 sms [main] INFO  o.s.w.s.m.m.a.RequestMappingHandlerMapping - Mapped "{[/user/getUser]}" onto public cc.mrbird.common.domain.ResponseBo cc.mrbird.web.controller.system.UserController.getUser(java.lang.Long)
15:47:44.342 sms [main] INFO  o.s.w.s.m.m.a.RequestMappingHandlerMapping - Mapped "{[/user/list]}" onto public java.util.Map<java.lang.String, java.lang.Object> cc.mrbird.web.controller.system.UserController.userList(cc.mrbird.common.domain.QueryRequest,cc.mrbird.system.domain.MyUser)
15:47:44.342 sms [main] INFO  o.s.w.s.m.m.a.RequestMappingHandlerMapping - Mapped "{[/user/regist]}" onto public cc.mrbird.common.domain.ResponseBo cc.mrbird.web.controller.system.UserController.regist(cc.mrbird.system.domain.MyUser)
15:47:44.342 sms [main] INFO  o.s.w.s.m.m.a.RequestMappingHandlerMapping - Mapped "{[/user/theme]}" onto public cc.mrbird.common.domain.ResponseBo cc.mrbird.web.controller.system.UserController.updateTheme(cc.mrbird.system.domain.MyUser)
15:47:44.342 sms [main] INFO  o.s.w.s.m.m.a.RequestMappingHandlerMapping - Mapped "{[/test],methods=[GET]}" onto public int cc.mrbird.web.controller.test.TestController.testLimiter()
15:47:44.352 sms [main] INFO  o.s.w.s.m.m.a.RequestMappingHandlerMapping - Mapped "{[/connect/{providerId}],methods=[POST]}" onto public org.springframework.web.servlet.view.RedirectView org.springframework.social.connect.web.ConnectController.connect(java.lang.String,org.springframework.web.context.request.NativeWebRequest)
15:47:44.353 sms [main] INFO  o.s.w.s.m.m.a.RequestMappingHandlerMapping - Mapped "{[/connect/{providerId}],methods=[GET],params=[error]}" onto public org.springframework.web.servlet.view.RedirectView org.springframework.social.connect.web.ConnectController.oauth2ErrorCallback(java.lang.String,java.lang.String,java.lang.String,java.lang.String,org.springframework.web.context.request.NativeWebRequest)
15:47:44.353 sms [main] INFO  o.s.w.s.m.m.a.RequestMappingHandlerMapping - Mapped "{[/connect/{providerId}],methods=[DELETE]}" onto public org.springframework.web.servlet.view.RedirectView org.springframework.social.connect.web.ConnectController.removeConnections(java.lang.String,org.springframework.web.context.request.NativeWebRequest)
15:47:44.353 sms [main] INFO  o.s.w.s.m.m.a.RequestMappingHandlerMapping - Mapped "{[/connect/{providerId}],methods=[GET]}" onto public java.lang.String org.springframework.social.connect.web.ConnectController.connectionStatus(java.lang.String,org.springframework.web.context.request.NativeWebRequest,org.springframework.ui.Model)
15:47:44.353 sms [main] INFO  o.s.w.s.m.m.a.RequestMappingHandlerMapping - Mapped "{[/connect],methods=[GET]}" onto public java.lang.String org.springframework.social.connect.web.ConnectController.connectionStatus(org.springframework.web.context.request.NativeWebRequest,org.springframework.ui.Model)
15:47:44.354 sms [main] INFO  o.s.w.s.m.m.a.RequestMappingHandlerMapping - Mapped "{[/connect/{providerId}],methods=[GET],params=[oauth_token]}" onto public org.springframework.web.servlet.view.RedirectView org.springframework.social.connect.web.ConnectController.oauth1Callback(java.lang.String,org.springframework.web.context.request.NativeWebRequest)
15:47:44.354 sms [main] INFO  o.s.w.s.m.m.a.RequestMappingHandlerMapping - Mapped "{[/connect/{providerId}/{providerUserId}],methods=[DELETE]}" onto public org.springframework.web.servlet.view.RedirectView org.springframework.social.connect.web.ConnectController.removeConnection(java.lang.String,java.lang.String,org.springframework.web.context.request.NativeWebRequest)
15:47:44.361 sms [main] INFO  o.s.w.s.m.m.a.RequestMappingHandlerMapping - Mapped "{[/connect/{providerId}],methods=[GET],params=[code]}" onto public org.springframework.web.servlet.view.RedirectView org.springframework.social.connect.web.ConnectController.oauth2Callback(java.lang.String,org.springframework.web.context.request.NativeWebRequest)
15:47:44.364 sms [main] INFO  o.s.w.s.m.m.a.RequestMappingHandlerMapping - Mapped "{[/error]}" onto public org.springframework.http.ResponseEntity<java.util.Map<java.lang.String, java.lang.Object>> org.springframework.boot.autoconfigure.web.servlet.error.BasicErrorController.error(javax.servlet.http.HttpServletRequest)
15:47:44.366 sms [main] INFO  o.s.w.s.m.m.a.RequestMappingHandlerMapping - Mapped "{[/error],produces=[text/html]}" onto public org.springframework.web.servlet.ModelAndView org.springframework.boot.autoconfigure.web.servlet.error.BasicErrorController.errorHtml(javax.servlet.http.HttpServletRequest,javax.servlet.http.HttpServletResponse)
15:47:44.546 sms [main] INFO  o.s.w.s.h.SimpleUrlHandlerMapping - Mapped URL path [/webjars/**] onto handler of type [class org.springframework.web.servlet.resource.ResourceHttpRequestHandler]
15:47:44.547 sms [main] INFO  o.s.w.s.h.SimpleUrlHandlerMapping - Mapped URL path [/**] onto handler of type [class org.springframework.web.servlet.resource.ResourceHttpRequestHandler]
15:47:44.633 sms [main] INFO  o.s.w.s.m.m.a.ExceptionHandlerExceptionResolver - Detected @ExceptionHandler methods in globalExceptionHandler
15:47:45.215 sms [main] INFO  o.s.b.a.w.s.WelcomePageHandlerMapping - Adding welcome page template: index
15:47:48.390 sms [main] INFO  o.s.s.web.DefaultSecurityFilterChain - Creating filter chain: org.springframework.security.web.util.matcher.AnyRequestMatcher@1, [org.springframework.security.web.context.request.async.WebAsyncManagerIntegrationFilter@3722f39d, org.springframework.security.web.context.SecurityContextPersistenceFilter@7d18338b, org.springframework.security.web.header.HeaderWriterFilter@669c2b07, org.springframework.security.web.authentication.logout.LogoutFilter@60844992, org.springframework.social.security.SocialAuthenticationFilter@7ba1cdbe, cc.mrbird.security.code.sms.SmsCodeFilter@4ec8d9b2, cc.mrbird.security.code.img.ImageCodeFilter@57b63253, org.springframework.security.web.authentication.UsernamePasswordAuthenticationFilter@39514976, cc.mrbird.security.code.sms.SmsCodeAuthenticationFilter@c0013b8, org.springframework.security.web.session.ConcurrentSessionFilter@579f3c8e, org.springframework.security.web.savedrequest.RequestCacheAwareFilter@30c8c6ab, org.springframework.security.web.servletapi.SecurityContextHolderAwareRequestFilter@1328f482, org.springframework.security.web.authentication.rememberme.RememberMeAuthenticationFilter@106459d9, org.springframework.security.web.authentication.AnonymousAuthenticationFilter@2c1ea7be, org.springframework.security.web.session.SessionManagementFilter@6a902015, org.springframework.security.web.access.ExceptionTranslationFilter@5fb44964, org.springframework.security.web.access.intercept.FilterSecurityInterceptor@28519bfb]
15:47:50.625 sms [main] INFO  o.s.c.s.DefaultLifecycleProcessor - Starting beans in phase 2147483647
15:47:50.625 sms [main] INFO  o.s.s.quartz.SchedulerFactoryBean - Will start Quartz Scheduler [MyScheduler] in 1 seconds
15:47:50.645 sms [main] INFO  o.s.s.a.ScheduledAnnotationBeanPostProcessor - No TaskScheduler/ScheduledExecutorService bean found for scheduled processing
15:47:50.702 sms [main] INFO  c.mrbird.web.service.testServiceTest - Started testServiceTest in 25.597 seconds (JVM running for 29.373)
15:47:51.321 sms [main] INFO  c.m.c.i.SqlStatementInterceptor - 【SQL语句Id】>>>> cc.mrbird.gen.dao.TestTMapper.selectAll
15:47:51.321 sms [main] INFO  c.m.c.i.SqlStatementInterceptor - 【SQL语句耗时】>>>> 2 ms
15:47:51.321 sms [main] INFO  c.m.c.i.SqlStatementInterceptor - 【SQL语句】>>>> SELECT id,name,number FROM test
15:47:51.336 sms [Thread-3] INFO  o.s.w.c.s.GenericWebApplicationContext - Closing org.springframework.web.context.support.GenericWebApplicationContext@2d778add: startup date [Wed Dec 12 15:47:26 CST 2018]; root of context hierarchy
15:47:51.338 sms [Thread-3] INFO  o.s.c.s.DefaultLifecycleProcessor - Stopping beans in phase 2147483647
15:47:51.373 sms [Thread-3] INFO  o.s.s.c.ThreadPoolTaskExecutor - Shutting down ExecutorService 'taskExecutor'
15:47:51.377 sms [Thread-3] INFO  o.s.s.quartz.SchedulerFactoryBean - Shutting down Quartz Scheduler
15:47:51.377 sms [Thread-3] INFO  org.quartz.core.QuartzScheduler - Scheduler MyScheduler_$_zch1544600857313 shutting down.
15:47:51.377 sms [Thread-3] INFO  org.quartz.core.QuartzScheduler - Scheduler MyScheduler_$_zch1544600857313 paused.
15:47:51.378 sms [Thread-3] INFO  org.quartz.core.QuartzScheduler - Scheduler MyScheduler_$_zch1544600857313 shutdown complete.
15:47:51.380 sms [Thread-3] INFO  com.zaxxer.hikari.HikariDataSource - FebsHikariCP - Shutdown initiated...
15:47:51.386 sms [Thread-3] INFO  com.zaxxer.hikari.HikariDataSource - FebsHikariCP - Shutdown completed.
15:48:17.724 sms [main] INFO  c.mrbird.web.service.testServiceTest - Starting testServiceTest on zch with PID 20600 (started by zch in C:\Users\zch\Desktop\FEBS-Security-master\febs-web)
15:48:17.726 sms [main] INFO  c.mrbird.web.service.testServiceTest - No active profile set, falling back to default profiles: default
15:48:17.848 sms [main] INFO  o.s.w.c.s.GenericWebApplicationContext - Refreshing org.springframework.web.context.support.GenericWebApplicationContext@2d778add: startup date [Wed Dec 12 15:48:17 CST 2018]; root of context hierarchy
15:48:20.768 sms [main] INFO  o.s.d.r.c.RepositoryConfigurationDelegate - Multiple Spring Data modules found, entering strict repository configuration mode!
15:48:22.429 sms [main] INFO  c.u.j.c.EnableEncryptablePropertiesBeanFactoryPostProcessor - Post-processing PropertySource instances
15:48:22.717 sms [main] INFO  c.u.j.EncryptablePropertySourceConverter - Converting PropertySource configurationProperties [org.springframework.boot.context.properties.source.ConfigurationPropertySourcesPropertySource] to AOP Proxy
15:48:22.721 sms [main] INFO  c.u.j.EncryptablePropertySourceConverter - Converting PropertySource Inlined Test Properties [org.springframework.core.env.MapPropertySource] to EncryptableMapPropertySourceWrapper
15:48:22.721 sms [main] INFO  c.u.j.EncryptablePropertySourceConverter - Converting PropertySource systemProperties [org.springframework.core.env.MapPropertySource] to EncryptableMapPropertySourceWrapper
15:48:22.721 sms [main] INFO  c.u.j.EncryptablePropertySourceConverter - Converting PropertySource systemEnvironment [org.springframework.boot.env.SystemEnvironmentPropertySourceEnvironmentPostProcessor$OriginAwareSystemEnvironmentPropertySource] to EncryptableMapPropertySourceWrapper
15:48:22.721 sms [main] INFO  c.u.j.EncryptablePropertySourceConverter - Converting PropertySource random [org.springframework.boot.env.RandomValuePropertySource] to EncryptablePropertySourceWrapper
15:48:22.721 sms [main] INFO  c.u.j.EncryptablePropertySourceConverter - Converting PropertySource applicationConfig: [classpath:/application.yml] [org.springframework.boot.env.OriginTrackedMapPropertySource] to EncryptableMapPropertySourceWrapper
15:48:22.797 sms [main] INFO  o.s.b.f.a.AutowiredAnnotationBeanPostProcessor - JSR-330 'javax.inject.Inject' annotation found and supported for autowiring
15:48:23.005 sms [main] INFO  o.s.c.s.PostProcessorRegistrationDelegate$BeanPostProcessorChecker - Bean 'asyncExecutorPoolConfig' of type [cc.mrbird.common.config.AsyncExecutorPoolConfig$$EnhancerBySpringCGLIB$$f0353c5b] is not eligible for getting processed by all BeanPostProcessors (for example: not eligible for auto-proxying)
15:48:23.086 sms [main] INFO  c.u.j.f.DefaultLazyPropertyFilter - Property Filter custom Bean not found with name 'encryptablePropertyFilter'. Initializing Default Property Filter
15:48:23.444 sms [main] INFO  o.s.c.s.PostProcessorRegistrationDelegate$BeanPostProcessorChecker - Bean 'org.springframework.transaction.annotation.ProxyTransactionManagementConfiguration' of type [org.springframework.transaction.annotation.ProxyTransactionManagementConfiguration$$EnhancerBySpringCGLIB$$64fbb114] is not eligible for getting processed by all BeanPostProcessors (for example: not eligible for auto-proxying)
15:48:23.855 sms [main] INFO  c.u.j.r.DefaultLazyPropertyResolver - Property Resolver custom Bean not found with name 'encryptablePropertyResolver'. Initializing Default Property Resolver
15:48:23.861 sms [main] INFO  c.u.j.d.DefaultLazyPropertyDetector - Property Detector custom Bean not found with name 'encryptablePropertyDetector'. Initializing Default Property Detector
15:48:23.867 sms [main] INFO  o.s.c.s.PostProcessorRegistrationDelegate$BeanPostProcessorChecker - Bean 'redisConfig' of type [cc.mrbird.common.config.RedisConfig$$EnhancerBySpringCGLIB$$49dfa72b] is not eligible for getting processed by all BeanPostProcessors (for example: not eligible for auto-proxying)
15:48:24.029 sms [main] INFO  o.s.c.s.PostProcessorRegistrationDelegate$BeanPostProcessorChecker - Bean 'org.springframework.security.config.annotation.configuration.ObjectPostProcessorConfiguration' of type [org.springframework.security.config.annotation.configuration.ObjectPostProcessorConfiguration$$EnhancerBySpringCGLIB$$fda9794e] is not eligible for getting processed by all BeanPostProcessors (for example: not eligible for auto-proxying)
15:48:24.064 sms [main] INFO  o.s.c.s.PostProcessorRegistrationDelegate$BeanPostProcessorChecker - Bean 'objectPostProcessor' of type [org.springframework.security.config.annotation.configuration.AutowireBeanFactoryObjectPostProcessor] is not eligible for getting processed by all BeanPostProcessors (for example: not eligible for auto-proxying)
15:48:24.070 sms [main] INFO  o.s.c.s.PostProcessorRegistrationDelegate$BeanPostProcessorChecker - Bean 'org.springframework.security.access.expression.method.DefaultMethodSecurityExpressionHandler@513b52af' of type [org.springframework.security.access.expression.method.DefaultMethodSecurityExpressionHandler] is not eligible for getting processed by all BeanPostProcessors (for example: not eligible for auto-proxying)
15:48:24.085 sms [main] INFO  o.s.c.s.PostProcessorRegistrationDelegate$BeanPostProcessorChecker - Bean 'org.springframework.security.config.annotation.method.configuration.GlobalMethodSecurityConfiguration' of type [org.springframework.security.config.annotation.method.configuration.GlobalMethodSecurityConfiguration$$EnhancerBySpringCGLIB$$227e1c00] is not eligible for getting processed by all BeanPostProcessors (for example: not eligible for auto-proxying)
15:48:24.114 sms [main] INFO  o.s.c.s.PostProcessorRegistrationDelegate$BeanPostProcessorChecker - Bean 'methodSecurityMetadataSource' of type [org.springframework.security.access.method.DelegatingMethodSecurityMetadataSource] is not eligible for getting processed by all BeanPostProcessors (for example: not eligible for auto-proxying)
15:48:26.149 sms [main] INFO  com.zaxxer.hikari.HikariDataSource - FebsHikariCP - Starting...
15:48:26.531 sms [main] INFO  com.zaxxer.hikari.HikariDataSource - FebsHikariCP - Start completed.
15:48:26.735 sms [main] INFO  org.quartz.impl.StdSchedulerFactory - Using default implementation for ThreadExecutor
15:48:26.777 sms [main] INFO  o.quartz.core.SchedulerSignalerImpl - Initialized Scheduler Signaller of type: class org.quartz.core.SchedulerSignalerImpl
15:48:26.777 sms [main] INFO  org.quartz.core.QuartzScheduler - Quartz Scheduler v.2.3.0 created.
15:48:26.789 sms [main] INFO  o.s.s.quartz.LocalDataSourceJobStore - Using db table-based data access locking (synchronization).
15:48:26.795 sms [main] INFO  o.s.s.quartz.LocalDataSourceJobStore - JobStoreCMT initialized.
15:48:26.797 sms [main] INFO  org.quartz.core.QuartzScheduler - Scheduler meta-data: Quartz Scheduler (v2.3.0) 'MyScheduler' with instanceId 'zch1544600906741'
  Scheduler class: 'org.quartz.core.QuartzScheduler' - running locally.
  NOT STARTED.
  Currently in standby mode.
  Number of jobs executed: 0
  Using thread pool 'org.quartz.simpl.SimpleThreadPool' - with 20 threads.
  Using job-store 'org.springframework.scheduling.quartz.LocalDataSourceJobStore' - which supports persistence. and is clustered.

15:48:26.797 sms [main] INFO  org.quartz.impl.StdSchedulerFactory - Quartz scheduler 'MyScheduler' initialized from an externally provided properties instance.
15:48:26.797 sms [main] INFO  org.quartz.impl.StdSchedulerFactory - Quartz scheduler version: 2.3.0
15:48:26.803 sms [main] INFO  org.quartz.core.QuartzScheduler - JobFactory set to: org.springframework.scheduling.quartz.AdaptableJobFactory@21ea996f
15:48:26.922 sms [main] INFO  c.m.c.i.SqlStatementInterceptor - 【SQL语句Id】>>>> cc.mrbird.quartz.dao.JobMapper.queryList
15:48:26.922 sms [main] INFO  c.m.c.i.SqlStatementInterceptor - 【SQL语句耗时】>>>> 62 ms
15:48:26.922 sms [main] INFO  c.m.c.i.SqlStatementInterceptor - 【SQL语句】>>>> select job_id jobId,bean_name beanName,method_name methodName, params,cron_expression cronExpression,status,remark,create_time createTime from t_job order by job_id
15:48:29.298 sms [main] INFO  cc.mrbird.web.service.InitService - clean up spring session in redis
15:48:29.970 sms [main] INFO  o.s.s.c.ThreadPoolTaskExecutor - Initializing ExecutorService  'taskExecutor'
15:48:30.948 sms [main] INFO  o.s.w.s.h.SimpleUrlHandlerMapping - Mapped URL path [/**/favicon.ico] onto handler of type [class org.springframework.web.servlet.resource.ResourceHttpRequestHandler]
15:48:31.778 sms [main] INFO  o.s.w.s.m.m.a.RequestMappingHandlerAdapter - Looking for @ControllerAdvice: org.springframework.web.context.support.GenericWebApplicationContext@2d778add: startup date [Wed Dec 12 15:48:17 CST 2018]; root of context hierarchy
15:48:32.030 sms [main] INFO  o.s.w.s.m.m.a.RequestMappingHandlerMapping - Mapped "{[/file/download]}" onto public void cc.mrbird.web.controller.base.FileController.fileDownload(java.lang.String,java.lang.Boolean,javax.servlet.http.HttpServletResponse) throws java.io.IOException,cc.mrbird.common.exception.FileDownloadException
15:48:32.034 sms [main] INFO  o.s.w.s.m.m.a.RequestMappingHandlerMapping - Mapped "{[/redis/get]}" onto public cc.mrbird.common.domain.ResponseBo cc.mrbird.web.controller.base.RedisController.get(java.lang.String)
15:48:32.034 sms [main] INFO  o.s.w.s.m.m.a.RequestMappingHandlerMapping - Mapped "{[/redis/keys]}" onto public cc.mrbird.common.domain.ResponseBo cc.mrbird.web.controller.base.RedisController.keys(java.lang.String)
15:48:32.035 sms [main] INFO  o.s.w.s.m.m.a.RequestMappingHandlerMapping - Mapped "{[/redis/set]}" onto public cc.mrbird.common.domain.ResponseBo cc.mrbird.web.controller.base.RedisController.set(java.lang.String)
15:48:32.035 sms [main] INFO  o.s.w.s.m.m.a.RequestMappingHandlerMapping - Mapped "{[/redis/exists]}" onto public cc.mrbird.common.domain.ResponseBo cc.mrbird.web.controller.base.RedisController.exists(java.lang.String)
15:48:32.035 sms [main] INFO  o.s.w.s.m.m.a.RequestMappingHandlerMapping - Mapped "{[/redis/del]}" onto public cc.mrbird.common.domain.ResponseBo cc.mrbird.web.controller.base.RedisController.del(java.lang.String)
15:48:32.035 sms [main] INFO  o.s.w.s.m.m.a.RequestMappingHandlerMapping - Mapped "{[/redis/keysSize]}" onto public java.lang.String cc.mrbird.web.controller.base.RedisController.getKeysSize()
15:48:32.035 sms [main] INFO  o.s.w.s.m.m.a.RequestMappingHandlerMapping - Mapped "{[/redis/pttl]}" onto public cc.mrbird.common.domain.ResponseBo cc.mrbird.web.controller.base.RedisController.pttl(java.lang.String)
15:48:32.035 sms [main] INFO  o.s.w.s.m.m.a.RequestMappingHandlerMapping - Mapped "{[/redis/terminal]}" onto public java.lang.String cc.mrbird.web.controller.base.RedisController.redisTerminal(org.springframework.ui.Model)
15:48:32.035 sms [main] INFO  o.s.w.s.m.m.a.RequestMappingHandlerMapping - Mapped "{[/redis/info]}" onto public java.lang.String cc.mrbird.web.controller.base.RedisController.getRedisInfo(org.springframework.ui.Model)
15:48:32.036 sms [main] INFO  o.s.w.s.m.m.a.RequestMappingHandlerMapping - Mapped "{[/redis/pexpire]}" onto public cc.mrbird.common.domain.ResponseBo cc.mrbird.web.controller.base.RedisController.pexpire(java.lang.String)
15:48:32.036 sms [main] INFO  o.s.w.s.m.m.a.RequestMappingHandlerMapping - Mapped "{[/redis/memoryInfo]}" onto public java.lang.String cc.mrbird.web.controller.base.RedisController.getMemoryInfo()
15:48:32.036 sms [main] INFO  o.s.w.s.m.m.a.RequestMappingHandlerMapping - Mapped "{[/article]}" onto public java.lang.String cc.mrbird.web.controller.others.ArticleController.index()
15:48:32.036 sms [main] INFO  o.s.w.s.m.m.a.RequestMappingHandlerMapping - Mapped "{[/article/query]}" onto public cc.mrbird.common.domain.ResponseBo cc.mrbird.web.controller.others.ArticleController.queryArticle(java.lang.String)
15:48:32.041 sms [main] INFO  o.s.w.s.m.m.a.RequestMappingHandlerMapping - Mapped "{[/movie/detail]}" onto public cc.mrbird.common.domain.ResponseBo cc.mrbird.web.controller.others.MovieController.getDetail(java.lang.String)
15:48:32.042 sms [main] INFO  o.s.w.s.m.m.a.RequestMappingHandlerMapping - Mapped "{[/movie/comments]}" onto public cc.mrbird.common.domain.ResponseBo cc.mrbird.web.controller.others.MovieController.getComments(java.lang.String)
15:48:32.042 sms [main] INFO  o.s.w.s.m.m.a.RequestMappingHandlerMapping - Mapped "{[/movie/hot]}" onto public java.lang.String cc.mrbird.web.controller.others.MovieController.movieHot()
15:48:32.042 sms [main] INFO  o.s.w.s.m.m.a.RequestMappingHandlerMapping - Mapped "{[/movie/getMovieHot]}" onto public cc.mrbird.common.domain.ResponseBo cc.mrbird.web.controller.others.MovieController.getMoiveHot()
15:48:32.042 sms [main] INFO  o.s.w.s.m.m.a.RequestMappingHandlerMapping - Mapped "{[/movie/coming]}" onto public java.lang.String cc.mrbird.web.controller.others.MovieController.movieComing()
15:48:32.043 sms [main] INFO  o.s.w.s.m.m.a.RequestMappingHandlerMapping - Mapped "{[/movie/getMovieComing]}" onto public cc.mrbird.common.domain.ResponseBo cc.mrbird.web.controller.others.MovieController.getMovieComing()
15:48:32.043 sms [main] INFO  o.s.w.s.m.m.a.RequestMappingHandlerMapping - Mapped "{[/weather/query]}" onto public cc.mrbird.common.domain.ResponseBo cc.mrbird.web.controller.others.WeatherController.queryWeather(java.lang.String)
15:48:32.044 sms [main] INFO  o.s.w.s.m.m.a.RequestMappingHandlerMapping - Mapped "{[/weather]}" onto public java.lang.String cc.mrbird.web.controller.others.WeatherController.weather()
15:48:32.045 sms [main] INFO  o.s.w.s.m.m.a.RequestMappingHandlerMapping - Mapped "{[/job]}" onto public java.lang.String cc.mrbird.web.controller.quartz.JobController.index()
15:48:32.045 sms [main] INFO  o.s.w.s.m.m.a.RequestMappingHandlerMapping - Mapped "{[/job/resume]}" onto public cc.mrbird.common.domain.ResponseBo cc.mrbird.web.controller.quartz.JobController.resumeJob(java.lang.String)
15:48:32.046 sms [main] INFO  o.s.w.s.m.m.a.RequestMappingHandlerMapping - Mapped "{[/job/delete]}" onto public cc.mrbird.common.domain.ResponseBo cc.mrbird.web.controller.quartz.JobController.deleteJob(java.lang.String)
15:48:32.046 sms [main] INFO  o.s.w.s.m.m.a.RequestMappingHandlerMapping - Mapped "{[/job/add]}" onto public cc.mrbird.common.domain.ResponseBo cc.mrbird.web.controller.quartz.JobController.addJob(cc.mrbird.quartz.domain.Job)
15:48:32.046 sms [main] INFO  o.s.w.s.m.m.a.RequestMappingHandlerMapping - Mapped "{[/job/pause]}" onto public cc.mrbird.common.domain.ResponseBo cc.mrbird.web.controller.quartz.JobController.pauseJob(java.lang.String)
15:48:32.046 sms [main] INFO  o.s.w.s.m.m.a.RequestMappingHandlerMapping - Mapped "{[/job/getJob]}" onto public cc.mrbird.common.domain.ResponseBo cc.mrbird.web.controller.quartz.JobController.getJob(java.lang.Long)
15:48:32.046 sms [main] INFO  o.s.w.s.m.m.a.RequestMappingHandlerMapping - Mapped "{[/job/getSysCronClazz]}" onto public cc.mrbird.common.domain.ResponseBo cc.mrbird.web.controller.quartz.JobController.getSysCronClazz(cc.mrbird.quartz.domain.Job)
15:48:32.046 sms [main] INFO  o.s.w.s.m.m.a.RequestMappingHandlerMapping - Mapped "{[/job/run]}" onto public cc.mrbird.common.domain.ResponseBo cc.mrbird.web.controller.quartz.JobController.runJob(java.lang.String)
15:48:32.046 sms [main] INFO  o.s.w.s.m.m.a.RequestMappingHandlerMapping - Mapped "{[/job/csv]}" onto public cc.mrbird.common.domain.ResponseBo cc.mrbird.web.controller.quartz.JobController.jobCsv(cc.mrbird.quartz.domain.Job)
15:48:32.047 sms [main] INFO  o.s.w.s.m.m.a.RequestMappingHandlerMapping - Mapped "{[/job/list]}" onto public java.util.Map<java.lang.String, java.lang.Object> cc.mrbird.web.controller.quartz.JobController.jobList(cc.mrbird.common.domain.QueryRequest,cc.mrbird.quartz.domain.Job)
15:48:32.047 sms [main] INFO  o.s.w.s.m.m.a.RequestMappingHandlerMapping - Mapped "{[/job/excel]}" onto public cc.mrbird.common.domain.ResponseBo cc.mrbird.web.controller.quartz.JobController.jobExcel(cc.mrbird.quartz.domain.Job)
15:48:32.047 sms [main] INFO  o.s.w.s.m.m.a.RequestMappingHandlerMapping - Mapped "{[/job/checkCron]}" onto public boolean cc.mrbird.web.controller.quartz.JobController.checkCron(java.lang.String)
15:48:32.047 sms [main] INFO  o.s.w.s.m.m.a.RequestMappingHandlerMapping - Mapped "{[/job/update]}" onto public cc.mrbird.common.domain.ResponseBo cc.mrbird.web.controller.quartz.JobController.updateJob(cc.mrbird.quartz.domain.Job)
15:48:32.049 sms [main] INFO  o.s.w.s.m.m.a.RequestMappingHandlerMapping - Mapped "{[/jobLog]}" onto public java.lang.String cc.mrbird.web.controller.quartz.JobLogController.index()
15:48:32.049 sms [main] INFO  o.s.w.s.m.m.a.RequestMappingHandlerMapping - Mapped "{[/jobLog/csv]}" onto public cc.mrbird.common.domain.ResponseBo cc.mrbird.web.controller.quartz.JobLogController.jobLogCsv(cc.mrbird.quartz.domain.JobLog)
15:48:32.049 sms [main] INFO  o.s.w.s.m.m.a.RequestMappingHandlerMapping - Mapped "{[/jobLog/excel]}" onto public cc.mrbird.common.domain.ResponseBo cc.mrbird.web.controller.quartz.JobLogController.jobLogExcel(cc.mrbird.quartz.domain.JobLog)
15:48:32.050 sms [main] INFO  o.s.w.s.m.m.a.RequestMappingHandlerMapping - Mapped "{[/jobLog/delete]}" onto public cc.mrbird.common.domain.ResponseBo cc.mrbird.web.controller.quartz.JobLogController.deleteJobLog(java.lang.String)
15:48:32.050 sms [main] INFO  o.s.w.s.m.m.a.RequestMappingHandlerMapping - Mapped "{[/jobLog/list]}" onto public java.util.Map<java.lang.String, java.lang.Object> cc.mrbird.web.controller.quartz.JobLogController.jobLogList(cc.mrbird.common.domain.QueryRequest,cc.mrbird.quartz.domain.JobLog)
15:48:32.051 sms [main] INFO  o.s.w.s.m.m.a.RequestMappingHandlerMapping - Mapped "{[/access/deny/403]}" onto public java.lang.String cc.mrbird.web.controller.security.ExceptionController.accessDeny()
15:48:32.053 sms [main] INFO  o.s.w.s.m.m.a.RequestMappingHandlerMapping - Mapped "{[/mobile/bind],methods=[GET]}" onto public cc.mrbird.common.domain.ResponseBo cc.mrbird.web.controller.security.MobileController.mobileBind(java.lang.String)
15:48:32.053 sms [main] INFO  o.s.w.s.m.m.a.RequestMappingHandlerMapping - Mapped "{[/mobile/unbind],methods=[GET]}" onto public cc.mrbird.common.domain.ResponseBo cc.mrbird.web.controller.security.MobileController.mobileUnbind(java.lang.String)
15:48:32.057 sms [main] INFO  o.s.w.s.m.m.a.RequestMappingHandlerMapping - Mapped "{[/session/invalid]}" onto public void cc.mrbird.web.controller.security.SessionController.sessionInvalid(javax.servlet.http.HttpServletRequest,javax.servlet.http.HttpServletResponse,org.springframework.security.core.Authentication) throws java.io.IOException
15:48:32.058 sms [main] INFO  o.s.w.s.m.m.a.RequestMappingHandlerMapping - Mapped "{[/session]}" onto public java.lang.String cc.mrbird.web.controller.security.SessionController.online()
15:48:32.058 sms [main] INFO  o.s.w.s.m.m.a.RequestMappingHandlerMapping - Mapped "{[/session/kickout]}" onto public cc.mrbird.common.domain.ResponseBo cc.mrbird.web.controller.security.SessionController.kickOut(java.lang.String,javax.servlet.http.HttpServletRequest,javax.servlet.http.HttpServletResponse)
15:48:32.058 sms [main] INFO  o.s.w.s.m.m.a.RequestMappingHandlerMapping - Mapped "{[/session/active],methods=[GET]}" onto public java.util.Map<java.lang.String, java.lang.Object> cc.mrbird.web.controller.security.SessionController.getAllSession(javax.servlet.http.HttpServletRequest)
15:48:32.059 sms [main] INFO  o.s.w.s.m.m.a.RequestMappingHandlerMapping - Mapped "{[/social],methods=[GET]}" onto public java.lang.String cc.mrbird.web.controller.security.SocialController.socialIndex(javax.servlet.http.HttpServletRequest,javax.servlet.http.HttpServletResponse,org.springframework.ui.Model) throws java.io.IOException
15:48:32.060 sms [main] INFO  o.s.w.s.m.m.a.RequestMappingHandlerMapping - Mapped "{[/social/regist],methods=[GET]}" onto public cc.mrbird.common.domain.ResponseBo cc.mrbird.web.controller.security.SocialController.socialRegist(javax.servlet.http.HttpServletRequest,cc.mrbird.system.domain.MyUser)
15:48:32.061 sms [main] INFO  o.s.w.s.m.m.a.RequestMappingHandlerMapping - Mapped "{[/social/bind],methods=[GET]}" onto public cc.mrbird.common.domain.ResponseBo cc.mrbird.web.controller.security.SocialController.socialBind(javax.servlet.http.HttpServletRequest,cc.mrbird.system.domain.MyUser,java.lang.String)
15:48:32.061 sms [main] INFO  o.s.w.s.m.m.a.RequestMappingHandlerMapping - Mapped "{[/social/bind/success],methods=[GET]}" onto public java.lang.String cc.mrbird.web.controller.security.SocialController.socialBindSuccess(javax.servlet.http.HttpServletRequest,javax.servlet.http.HttpServletResponse)
15:48:32.061 sms [main] INFO  o.s.w.s.m.m.a.RequestMappingHandlerMapping - Mapped "{[/social/unbind/success],methods=[GET]}" onto public java.lang.String cc.mrbird.web.controller.security.SocialController.socialUnbindSuccess()
15:48:32.062 sms [main] INFO  o.s.w.s.m.m.a.RequestMappingHandlerMapping - Mapped "{[/image/code],methods=[GET]}" onto public void cc.mrbird.web.controller.security.ValidateCodeController.createCode(javax.servlet.http.HttpServletRequest,javax.servlet.http.HttpServletResponse) throws java.io.IOException
15:48:32.062 sms [main] INFO  o.s.w.s.m.m.a.RequestMappingHandlerMapping - Mapped "{[/sms/code],methods=[GET]}" onto public cc.mrbird.common.domain.ResponseBo cc.mrbird.web.controller.security.ValidateCodeController.createSmsCode(javax.servlet.http.HttpServletRequest,javax.servlet.http.HttpServletResponse,java.lang.String)
15:48:32.063 sms [main] INFO  o.s.w.s.m.m.a.RequestMappingHandlerMapping - Mapped "{[/dept]}" onto public java.lang.String cc.mrbird.web.controller.system.DeptController.index()
15:48:32.063 sms [main] INFO  o.s.w.s.m.m.a.RequestMappingHandlerMapping - Mapped "{[/dept/add]}" onto public cc.mrbird.common.domain.ResponseBo cc.mrbird.web.controller.system.DeptController.addRole(cc.mrbird.system.domain.Dept)
15:48:32.064 sms [main] INFO  o.s.w.s.m.m.a.RequestMappingHandlerMapping - Mapped "{[/dept/update]}" onto public cc.mrbird.common.domain.ResponseBo cc.mrbird.web.controller.system.DeptController.updateRole(cc.mrbird.system.domain.Dept)
15:48:32.065 sms [main] INFO  o.s.w.s.m.m.a.RequestMappingHandlerMapping - Mapped "{[/dept/checkDeptName]}" onto public boolean cc.mrbird.web.controller.system.DeptController.checkDeptName(java.lang.String,java.lang.String)
15:48:32.066 sms [main] INFO  o.s.w.s.m.m.a.RequestMappingHandlerMapping - Mapped "{[/dept/csv]}" onto public cc.mrbird.common.domain.ResponseBo cc.mrbird.web.controller.system.DeptController.deptCsv(cc.mrbird.system.domain.Dept)
15:48:32.066 sms [main] INFO  o.s.w.s.m.m.a.RequestMappingHandlerMapping - Mapped "{[/dept/delete]}" onto public cc.mrbird.common.domain.ResponseBo cc.mrbird.web.controller.system.DeptController.deleteDepts(java.lang.String)
15:48:32.067 sms [main] INFO  o.s.w.s.m.m.a.RequestMappingHandlerMapping - Mapped "{[/dept/list]}" onto public java.util.List<cc.mrbird.system.domain.Dept> cc.mrbird.web.controller.system.DeptController.deptList(cc.mrbird.system.domain.Dept)
15:48:32.067 sms [main] INFO  o.s.w.s.m.m.a.RequestMappingHandlerMapping - Mapped "{[/dept/excel]}" onto public cc.mrbird.common.domain.ResponseBo cc.mrbird.web.controller.system.DeptController.deptExcel(cc.mrbird.system.domain.Dept)
15:48:32.067 sms [main] INFO  o.s.w.s.m.m.a.RequestMappingHandlerMapping - Mapped "{[/dept/tree]}" onto public cc.mrbird.common.domain.ResponseBo cc.mrbird.web.controller.system.DeptController.getDeptTree()
15:48:32.067 sms [main] INFO  o.s.w.s.m.m.a.RequestMappingHandlerMapping - Mapped "{[/dept/getDept]}" onto public cc.mrbird.common.domain.ResponseBo cc.mrbird.web.controller.system.DeptController.getDept(java.lang.Long)
15:48:32.068 sms [main] INFO  o.s.w.s.m.m.a.RequestMappingHandlerMapping - Mapped "{[/dict]}" onto public java.lang.String cc.mrbird.web.controller.system.DictController.index()
15:48:32.068 sms [main] INFO  o.s.w.s.m.m.a.RequestMappingHandlerMapping - Mapped "{[/dict/add]}" onto public cc.mrbird.common.domain.ResponseBo cc.mrbird.web.controller.system.DictController.addDict(cc.mrbird.system.domain.Dict)
15:48:32.068 sms [main] INFO  o.s.w.s.m.m.a.RequestMappingHandlerMapping - Mapped "{[/dict/list]}" onto public java.util.Map<java.lang.String, java.lang.Object> cc.mrbird.web.controller.system.DictController.dictList(cc.mrbird.common.domain.QueryRequest,cc.mrbird.system.domain.Dict)
15:48:32.069 sms [main] INFO  o.s.w.s.m.m.a.RequestMappingHandlerMapping - Mapped "{[/dict/getDict]}" onto public cc.mrbird.common.domain.ResponseBo cc.mrbird.web.controller.system.DictController.getDict(java.lang.Long)
15:48:32.069 sms [main] INFO  o.s.w.s.m.m.a.RequestMappingHandlerMapping - Mapped "{[/dict/excel]}" onto public cc.mrbird.common.domain.ResponseBo cc.mrbird.web.controller.system.DictController.dictExcel(cc.mrbird.system.domain.Dict)
15:48:32.069 sms [main] INFO  o.s.w.s.m.m.a.RequestMappingHandlerMapping - Mapped "{[/dict/delete]}" onto public cc.mrbird.common.domain.ResponseBo cc.mrbird.web.controller.system.DictController.deleteDicts(java.lang.String)
15:48:32.069 sms [main] INFO  o.s.w.s.m.m.a.RequestMappingHandlerMapping - Mapped "{[/dict/update]}" onto public cc.mrbird.common.domain.ResponseBo cc.mrbird.web.controller.system.DictController.updateDict(cc.mrbird.system.domain.Dict)
15:48:32.069 sms [main] INFO  o.s.w.s.m.m.a.RequestMappingHandlerMapping - Mapped "{[/dict/csv]}" onto public cc.mrbird.common.domain.ResponseBo cc.mrbird.web.controller.system.DictController.dictCsv(cc.mrbird.system.domain.Dict)
15:48:32.070 sms [main] INFO  o.s.w.s.m.m.a.RequestMappingHandlerMapping - Mapped "{[/log]}" onto public java.lang.String cc.mrbird.web.controller.system.LogController.index()
15:48:32.070 sms [main] INFO  o.s.w.s.m.m.a.RequestMappingHandlerMapping - Mapped "{[/log/csv]}" onto public cc.mrbird.common.domain.ResponseBo cc.mrbird.web.controller.system.LogController.logCsv(cc.mrbird.system.domain.SysLog)
15:48:32.070 sms [main] INFO  o.s.w.s.m.m.a.RequestMappingHandlerMapping - Mapped "{[/log/delete]}" onto public cc.mrbird.common.domain.ResponseBo cc.mrbird.web.controller.system.LogController.deleteLogss(java.lang.String)
15:48:32.070 sms [main] INFO  o.s.w.s.m.m.a.RequestMappingHandlerMapping - Mapped "{[/log/list]}" onto public java.util.Map<java.lang.String, java.lang.Object> cc.mrbird.web.controller.system.LogController.logList(cc.mrbird.common.domain.QueryRequest,cc.mrbird.system.domain.SysLog)
15:48:32.072 sms [main] INFO  o.s.w.s.m.m.a.RequestMappingHandlerMapping - Mapped "{[/log/excel]}" onto public cc.mrbird.common.domain.ResponseBo cc.mrbird.web.controller.system.LogController.logExcel(cc.mrbird.system.domain.SysLog)
15:48:32.073 sms [main] INFO  o.s.w.s.m.m.a.RequestMappingHandlerMapping - Mapped "{[/index],methods=[GET]}" onto public java.lang.String cc.mrbird.web.controller.system.LoginController.index(org.springframework.security.core.Authentication,org.springframework.ui.Model)
15:48:32.073 sms [main] INFO  o.s.w.s.m.m.a.RequestMappingHandlerMapping - Mapped "{[/],methods=[GET]}" onto public void cc.mrbird.web.controller.system.LoginController.success(javax.servlet.http.HttpServletRequest,javax.servlet.http.HttpServletResponse) throws java.io.IOException
15:48:32.073 sms [main] INFO  o.s.w.s.m.m.a.RequestMappingHandlerMapping - Mapped "{[/login],methods=[GET]}" onto public java.lang.String cc.mrbird.web.controller.system.LoginController.login(javax.servlet.http.HttpServletRequest,javax.servlet.http.HttpServletResponse)
15:48:32.074 sms [main] INFO  o.s.w.s.m.m.a.RequestMappingHandlerMapping - Mapped "{[/menu]}" onto public java.lang.String cc.mrbird.web.controller.system.MenuController.index()
15:48:32.074 sms [main] INFO  o.s.w.s.m.m.a.RequestMappingHandlerMapping - Mapped "{[/menu/add]}" onto public cc.mrbird.common.domain.ResponseBo cc.mrbird.web.controller.system.MenuController.addMenu(cc.mrbird.system.domain.Menu)
15:48:32.074 sms [main] INFO  o.s.w.s.m.m.a.RequestMappingHandlerMapping - Mapped "{[/menu/urlList],methods=[GET]}" onto public java.util.List<java.util.Map<java.lang.String, java.lang.String>> cc.mrbird.web.controller.system.MenuController.getAllUrl()
15:48:32.074 sms [main] INFO  o.s.w.s.m.m.a.RequestMappingHandlerMapping - Mapped "{[/menu/list]}" onto public java.util.List<cc.mrbird.system.domain.Menu> cc.mrbird.web.controller.system.MenuController.menuList(cc.mrbird.system.domain.Menu)
15:48:32.074 sms [main] INFO  o.s.w.s.m.m.a.RequestMappingHandlerMapping - Mapped "{[/menu/excel]}" onto public cc.mrbird.common.domain.ResponseBo cc.mrbird.web.controller.system.MenuController.menuExcel(cc.mrbird.system.domain.Menu)
15:48:32.074 sms [main] INFO  o.s.w.s.m.m.a.RequestMappingHandlerMapping - Mapped "{[/menu/getUserMenu]}" onto public cc.mrbird.common.domain.ResponseBo cc.mrbird.web.controller.system.MenuController.getUserMenu(java.lang.String)
15:48:32.075 sms [main] INFO  o.s.w.s.m.m.a.RequestMappingHandlerMapping - Mapped "{[/menu/checkMenuName]}" onto public boolean cc.mrbird.web.controller.system.MenuController.checkMenuName(java.lang.String,java.lang.String,java.lang.String)
15:48:32.075 sms [main] INFO  o.s.w.s.m.m.a.RequestMappingHandlerMapping - Mapped "{[/menu/update]}" onto public cc.mrbird.common.domain.ResponseBo cc.mrbird.web.controller.system.MenuController.updateMenu(cc.mrbird.system.domain.Menu)
15:48:32.075 sms [main] INFO  o.s.w.s.m.m.a.RequestMappingHandlerMapping - Mapped "{[/menu/tree]}" onto public cc.mrbird.common.domain.ResponseBo cc.mrbird.web.controller.system.MenuController.getMenuTree()
15:48:32.075 sms [main] INFO  o.s.w.s.m.m.a.RequestMappingHandlerMapping - Mapped "{[/menu/delete]}" onto public cc.mrbird.common.domain.ResponseBo cc.mrbird.web.controller.system.MenuController.deleteMenus(java.lang.String)
15:48:32.075 sms [main] INFO  o.s.w.s.m.m.a.RequestMappingHandlerMapping - Mapped "{[/menu/getMenu]}" onto public cc.mrbird.common.domain.ResponseBo cc.mrbird.web.controller.system.MenuController.getMenu(java.lang.Long)
15:48:32.075 sms [main] INFO  o.s.w.s.m.m.a.RequestMappingHandlerMapping - Mapped "{[/menu/menu]}" onto public cc.mrbird.common.domain.ResponseBo cc.mrbird.web.controller.system.MenuController.getMenu(java.lang.String)
15:48:32.075 sms [main] INFO  o.s.w.s.m.m.a.RequestMappingHandlerMapping - Mapped "{[/menu/csv]}" onto public cc.mrbird.common.domain.ResponseBo cc.mrbird.web.controller.system.MenuController.menuCsv(cc.mrbird.system.domain.Menu)
15:48:32.076 sms [main] INFO  o.s.w.s.m.m.a.RequestMappingHandlerMapping - Mapped "{[/menu/menuButtonTree]}" onto public cc.mrbird.common.domain.ResponseBo cc.mrbird.web.controller.system.MenuController.getMenuButtonTree()
15:48:32.076 sms [main] INFO  o.s.w.s.m.m.a.RequestMappingHandlerMapping - Mapped "{[/role]}" onto public java.lang.String cc.mrbird.web.controller.system.RoleController.index()
15:48:32.076 sms [main] INFO  o.s.w.s.m.m.a.RequestMappingHandlerMapping - Mapped "{[/role/getRole]}" onto public cc.mrbird.common.domain.ResponseBo cc.mrbird.web.controller.system.RoleController.getRole(java.lang.Long)
15:48:32.077 sms [main] INFO  o.s.w.s.m.m.a.RequestMappingHandlerMapping - Mapped "{[/role/add]}" onto public cc.mrbird.common.domain.ResponseBo cc.mrbird.web.controller.system.RoleController.addRole(cc.mrbird.system.domain.Role,java.lang.Long[])
15:48:32.077 sms [main] INFO  o.s.w.s.m.m.a.RequestMappingHandlerMapping - Mapped "{[/role/update]}" onto public cc.mrbird.common.domain.ResponseBo cc.mrbird.web.controller.system.RoleController.updateRole(cc.mrbird.system.domain.Role,java.lang.Long[])
15:48:32.077 sms [main] INFO  o.s.w.s.m.m.a.RequestMappingHandlerMapping - Mapped "{[/role/csv]}" onto public cc.mrbird.common.domain.ResponseBo cc.mrbird.web.controller.system.RoleController.roleCsv(cc.mrbird.system.domain.Role)
15:48:32.077 sms [main] INFO  o.s.w.s.m.m.a.RequestMappingHandlerMapping - Mapped "{[/role/excel]}" onto public cc.mrbird.common.domain.ResponseBo cc.mrbird.web.controller.system.RoleController.roleExcel(cc.mrbird.system.domain.Role)
15:48:32.077 sms [main] INFO  o.s.w.s.m.m.a.RequestMappingHandlerMapping - Mapped "{[/role/delete]}" onto public cc.mrbird.common.domain.ResponseBo cc.mrbird.web.controller.system.RoleController.deleteRoles(java.lang.String)
15:48:32.077 sms [main] INFO  o.s.w.s.m.m.a.RequestMappingHandlerMapping - Mapped "{[/role/checkRoleName]}" onto public boolean cc.mrbird.web.controller.system.RoleController.checkRoleName(java.lang.String,java.lang.String)
15:48:32.077 sms [main] INFO  o.s.w.s.m.m.a.RequestMappingHandlerMapping - Mapped "{[/role/list]}" onto public java.util.Map<java.lang.String, java.lang.Object> cc.mrbird.web.controller.system.RoleController.roleList(cc.mrbird.common.domain.QueryRequest,cc.mrbird.system.domain.Role)
15:48:32.078 sms [main] INFO  o.s.w.s.m.m.a.RequestMappingHandlerMapping - Mapped "{[/user]}" onto public java.lang.String cc.mrbird.web.controller.system.UserController.index(org.springframework.ui.Model)
15:48:32.079 sms [main] INFO  o.s.w.s.m.m.a.RequestMappingHandlerMapping - Mapped "{[/user/add]}" onto public cc.mrbird.common.domain.ResponseBo cc.mrbird.web.controller.system.UserController.addUser(cc.mrbird.system.domain.MyUser,java.lang.Long[])
15:48:32.079 sms [main] INFO  o.s.w.s.m.m.a.RequestMappingHandlerMapping - Mapped "{[/user/updatePassword]}" onto public cc.mrbird.common.domain.ResponseBo cc.mrbird.web.controller.system.UserController.updatePassword(java.lang.String)
15:48:32.079 sms [main] INFO  o.s.w.s.m.m.a.RequestMappingHandlerMapping - Mapped "{[/user/getUser]}" onto public cc.mrbird.common.domain.ResponseBo cc.mrbird.web.controller.system.UserController.getUser(java.lang.Long)
15:48:32.079 sms [main] INFO  o.s.w.s.m.m.a.RequestMappingHandlerMapping - Mapped "{[/user/regist]}" onto public cc.mrbird.common.domain.ResponseBo cc.mrbird.web.controller.system.UserController.regist(cc.mrbird.system.domain.MyUser)
15:48:32.079 sms [main] INFO  o.s.w.s.m.m.a.RequestMappingHandlerMapping - Mapped "{[/user/list]}" onto public java.util.Map<java.lang.String, java.lang.Object> cc.mrbird.web.controller.system.UserController.userList(cc.mrbird.common.domain.QueryRequest,cc.mrbird.system.domain.MyUser)
15:48:32.079 sms [main] INFO  o.s.w.s.m.m.a.RequestMappingHandlerMapping - Mapped "{[/user/getUserProfile]}" onto public cc.mrbird.common.domain.ResponseBo cc.mrbird.web.controller.system.UserController.getUserProfile(java.lang.Long)
15:48:32.080 sms [main] INFO  o.s.w.s.m.m.a.RequestMappingHandlerMapping - Mapped "{[/user/changeAvatar]}" onto public cc.mrbird.common.domain.ResponseBo cc.mrbird.web.controller.system.UserController.changeAvatar(java.lang.String)
15:48:32.080 sms [main] INFO  o.s.w.s.m.m.a.RequestMappingHandlerMapping - Mapped "{[/user/delete]}" onto public cc.mrbird.common.domain.ResponseBo cc.mrbird.web.controller.system.UserController.deleteUsers(java.lang.String)
15:48:32.080 sms [main] INFO  o.s.w.s.m.m.a.RequestMappingHandlerMapping - Mapped "{[/user/excel]}" onto public cc.mrbird.common.domain.ResponseBo cc.mrbird.web.controller.system.UserController.userExcel(cc.mrbird.system.domain.MyUser)
15:48:32.080 sms [main] INFO  o.s.w.s.m.m.a.RequestMappingHandlerMapping - Mapped "{[/user/checkUserName]}" onto public boolean cc.mrbird.web.controller.system.UserController.checkUserName(java.lang.String,java.lang.String)
15:48:32.080 sms [main] INFO  o.s.w.s.m.m.a.RequestMappingHandlerMapping - Mapped "{[/user/update]}" onto public cc.mrbird.common.domain.ResponseBo cc.mrbird.web.controller.system.UserController.updateUser(cc.mrbird.system.domain.MyUser,java.lang.Long[])
15:48:32.080 sms [main] INFO  o.s.w.s.m.m.a.RequestMappingHandlerMapping - Mapped "{[/user/theme]}" onto public cc.mrbird.common.domain.ResponseBo cc.mrbird.web.controller.system.UserController.updateTheme(cc.mrbird.system.domain.MyUser)
15:48:32.080 sms [main] INFO  o.s.w.s.m.m.a.RequestMappingHandlerMapping - Mapped "{[/user/checkPassword]}" onto public boolean cc.mrbird.web.controller.system.UserController.checkPassword(java.lang.String)
15:48:32.080 sms [main] INFO  o.s.w.s.m.m.a.RequestMappingHandlerMapping - Mapped "{[/user/profile]}" onto public java.lang.String cc.mrbird.web.controller.system.UserController.profileIndex(org.springframework.ui.Model)
15:48:32.081 sms [main] INFO  o.s.w.s.m.m.a.RequestMappingHandlerMapping - Mapped "{[/user/csv]}" onto public cc.mrbird.common.domain.ResponseBo cc.mrbird.web.controller.system.UserController.userCsv(cc.mrbird.system.domain.MyUser)
15:48:32.081 sms [main] INFO  o.s.w.s.m.m.a.RequestMappingHandlerMapping - Mapped "{[/user/updateUserProfile]}" onto public cc.mrbird.common.domain.ResponseBo cc.mrbird.web.controller.system.UserController.updateUserProfile(cc.mrbird.system.domain.MyUser)
15:48:32.081 sms [main] INFO  o.s.w.s.m.m.a.RequestMappingHandlerMapping - Mapped "{[/test],methods=[GET]}" onto public int cc.mrbird.web.controller.test.TestController.testLimiter()
15:48:32.088 sms [main] INFO  o.s.w.s.m.m.a.RequestMappingHandlerMapping - Mapped "{[/connect/{providerId}],methods=[POST]}" onto public org.springframework.web.servlet.view.RedirectView org.springframework.social.connect.web.ConnectController.connect(java.lang.String,org.springframework.web.context.request.NativeWebRequest)
15:48:32.089 sms [main] INFO  o.s.w.s.m.m.a.RequestMappingHandlerMapping - Mapped "{[/connect/{providerId}],methods=[GET]}" onto public java.lang.String org.springframework.social.connect.web.ConnectController.connectionStatus(java.lang.String,org.springframework.web.context.request.NativeWebRequest,org.springframework.ui.Model)
15:48:32.089 sms [main] INFO  o.s.w.s.m.m.a.RequestMappingHandlerMapping - Mapped "{[/connect],methods=[GET]}" onto public java.lang.String org.springframework.social.connect.web.ConnectController.connectionStatus(org.springframework.web.context.request.NativeWebRequest,org.springframework.ui.Model)
15:48:32.089 sms [main] INFO  o.s.w.s.m.m.a.RequestMappingHandlerMapping - Mapped "{[/connect/{providerId}/{providerUserId}],methods=[DELETE]}" onto public org.springframework.web.servlet.view.RedirectView org.springframework.social.connect.web.ConnectController.removeConnection(java.lang.String,java.lang.String,org.springframework.web.context.request.NativeWebRequest)
15:48:32.089 sms [main] INFO  o.s.w.s.m.m.a.RequestMappingHandlerMapping - Mapped "{[/connect/{providerId}],methods=[GET],params=[code]}" onto public org.springframework.web.servlet.view.RedirectView org.springframework.social.connect.web.ConnectController.oauth2Callback(java.lang.String,org.springframework.web.context.request.NativeWebRequest)
15:48:32.089 sms [main] INFO  o.s.w.s.m.m.a.RequestMappingHandlerMapping - Mapped "{[/connect/{providerId}],methods=[GET],params=[oauth_token]}" onto public org.springframework.web.servlet.view.RedirectView org.springframework.social.connect.web.ConnectController.oauth1Callback(java.lang.String,org.springframework.web.context.request.NativeWebRequest)
15:48:32.089 sms [main] INFO  o.s.w.s.m.m.a.RequestMappingHandlerMapping - Mapped "{[/connect/{providerId}],methods=[DELETE]}" onto public org.springframework.web.servlet.view.RedirectView org.springframework.social.connect.web.ConnectController.removeConnections(java.lang.String,org.springframework.web.context.request.NativeWebRequest)
15:48:32.090 sms [main] INFO  o.s.w.s.m.m.a.RequestMappingHandlerMapping - Mapped "{[/connect/{providerId}],methods=[GET],params=[error]}" onto public org.springframework.web.servlet.view.RedirectView org.springframework.social.connect.web.ConnectController.oauth2ErrorCallback(java.lang.String,java.lang.String,java.lang.String,java.lang.String,org.springframework.web.context.request.NativeWebRequest)
15:48:32.092 sms [main] INFO  o.s.w.s.m.m.a.RequestMappingHandlerMapping - Mapped "{[/error]}" onto public org.springframework.http.ResponseEntity<java.util.Map<java.lang.String, java.lang.Object>> org.springframework.boot.autoconfigure.web.servlet.error.BasicErrorController.error(javax.servlet.http.HttpServletRequest)
15:48:32.093 sms [main] INFO  o.s.w.s.m.m.a.RequestMappingHandlerMapping - Mapped "{[/error],produces=[text/html]}" onto public org.springframework.web.servlet.ModelAndView org.springframework.boot.autoconfigure.web.servlet.error.BasicErrorController.errorHtml(javax.servlet.http.HttpServletRequest,javax.servlet.http.HttpServletResponse)
15:48:32.191 sms [main] INFO  o.s.w.s.h.SimpleUrlHandlerMapping - Mapped URL path [/webjars/**] onto handler of type [class org.springframework.web.servlet.resource.ResourceHttpRequestHandler]
15:48:32.191 sms [main] INFO  o.s.w.s.h.SimpleUrlHandlerMapping - Mapped URL path [/**] onto handler of type [class org.springframework.web.servlet.resource.ResourceHttpRequestHandler]
15:48:32.249 sms [main] INFO  o.s.w.s.m.m.a.ExceptionHandlerExceptionResolver - Detected @ExceptionHandler methods in globalExceptionHandler
15:48:32.651 sms [main] INFO  o.s.b.a.w.s.WelcomePageHandlerMapping - Adding welcome page template: index
15:48:35.321 sms [main] INFO  o.s.s.web.DefaultSecurityFilterChain - Creating filter chain: org.springframework.security.web.util.matcher.AnyRequestMatcher@1, [org.springframework.security.web.context.request.async.WebAsyncManagerIntegrationFilter@1dbeedff, org.springframework.security.web.context.SecurityContextPersistenceFilter@1d444652, org.springframework.security.web.header.HeaderWriterFilter@603f4e3e, org.springframework.security.web.authentication.logout.LogoutFilter@5bd3ca3c, org.springframework.social.security.SocialAuthenticationFilter@7b332b23, cc.mrbird.security.code.sms.SmsCodeFilter@62b786dc, cc.mrbird.security.code.img.ImageCodeFilter@7ba1cdbe, org.springframework.security.web.authentication.UsernamePasswordAuthenticationFilter@566f4659, cc.mrbird.security.code.sms.SmsCodeAuthenticationFilter@48d5ca17, org.springframework.security.web.session.ConcurrentSessionFilter@6200b644, org.springframework.security.web.savedrequest.RequestCacheAwareFilter@1b1ea1d9, org.springframework.security.web.servletapi.SecurityContextHolderAwareRequestFilter@4e2824b1, org.springframework.security.web.authentication.rememberme.RememberMeAuthenticationFilter@39dda56f, org.springframework.security.web.authentication.AnonymousAuthenticationFilter@226e07e7, org.springframework.security.web.session.SessionManagementFilter@3c7d8a4, org.springframework.security.web.access.ExceptionTranslationFilter@12a6e8ed, org.springframework.security.web.access.intercept.FilterSecurityInterceptor@2bb3f39e]
15:48:37.390 sms [main] INFO  o.s.c.s.DefaultLifecycleProcessor - Starting beans in phase 2147483647
15:48:37.390 sms [main] INFO  o.s.s.quartz.SchedulerFactoryBean - Will start Quartz Scheduler [MyScheduler] in 1 seconds
15:48:37.408 sms [main] INFO  o.s.s.a.ScheduledAnnotationBeanPostProcessor - No TaskScheduler/ScheduledExecutorService bean found for scheduled processing
15:48:37.440 sms [main] INFO  c.mrbird.web.service.testServiceTest - Started testServiceTest in 20.976 seconds (JVM running for 24.386)
15:48:37.811 sms [main] INFO  c.m.c.i.SqlStatementInterceptor - 【SQL语句Id】>>>> cc.mrbird.gen.dao.TestTMapper.selectAll
15:48:37.812 sms [main] INFO  c.m.c.i.SqlStatementInterceptor - 【SQL语句耗时】>>>> 2 ms
15:48:37.812 sms [main] INFO  c.m.c.i.SqlStatementInterceptor - 【SQL语句】>>>> SELECT id,name,number FROM test
15:48:37.824 sms [Thread-3] INFO  o.s.w.c.s.GenericWebApplicationContext - Closing org.springframework.web.context.support.GenericWebApplicationContext@2d778add: startup date [Wed Dec 12 15:48:17 CST 2018]; root of context hierarchy
15:48:37.826 sms [Thread-3] INFO  o.s.c.s.DefaultLifecycleProcessor - Stopping beans in phase 2147483647
15:48:37.847 sms [Thread-3] INFO  o.s.s.c.ThreadPoolTaskExecutor - Shutting down ExecutorService 'taskExecutor'
15:48:37.851 sms [Thread-3] INFO  o.s.s.quartz.SchedulerFactoryBean - Shutting down Quartz Scheduler
15:48:37.852 sms [Thread-3] INFO  org.quartz.core.QuartzScheduler - Scheduler MyScheduler_$_zch1544600906741 shutting down.
15:48:37.852 sms [Thread-3] INFO  org.quartz.core.QuartzScheduler - Scheduler MyScheduler_$_zch1544600906741 paused.
15:48:37.853 sms [Thread-3] INFO  org.quartz.core.QuartzScheduler - Scheduler MyScheduler_$_zch1544600906741 shutdown complete.
15:48:37.854 sms [Thread-3] INFO  com.zaxxer.hikari.HikariDataSource - FebsHikariCP - Shutdown initiated...
15:48:37.860 sms [Thread-3] INFO  com.zaxxer.hikari.HikariDataSource - FebsHikariCP - Shutdown completed.
